2020-08-28 00:03:48.479 INFO  c.n.d.shared.resolver.aws.ConfigClusterResolver   :43   [32m        [0;39m Resolving eureka endpoints via configuration
2020-08-28 00:08:48.549 INFO  c.n.d.shared.resolver.aws.ConfigClusterResolver   :43   [32m        [0;39m Resolving eureka endpoints via configuration
2020-08-28 00:44:32.953 INFO  com.netflix.discovery.DiscoveryClient             :868  [32m        [0;39m DiscoveryClient_FILE/192.168.1.4:file:9003 - Re-registering apps/FILE
2020-08-28 00:44:32.958 INFO  com.netflix.discovery.DiscoveryClient             :844  [32m        [0;39m DiscoveryClient_FILE/192.168.1.4:file:9003: registering service...
2020-08-28 00:44:33.020 INFO  com.netflix.discovery.DiscoveryClient             :853  [32m        [0;39m DiscoveryClient_FILE/192.168.1.4:file:9003 - registration status: 204
2020-08-28 03:56:49.641 INFO  c.n.d.shared.resolver.aws.ConfigClusterResolver   :43   [32m        [0;39m Resolving eureka endpoints via configuration
2020-08-28 08:01:44.185 INFO  c.n.d.shared.resolver.aws.ConfigClusterResolver   :43   [32m        [0;39m Resolving eureka endpoints via configuration
2020-08-28 08:06:44.199 INFO  c.n.d.shared.resolver.aws.ConfigClusterResolver   :43   [32m        [0;39m Resolving eureka endpoints via configuration
2020-08-28 08:11:44.216 INFO  c.n.d.shared.resolver.aws.ConfigClusterResolver   :43   [32m        [0;39m Resolving eureka endpoints via configuration
2020-08-28 08:16:44.225 INFO  c.n.d.shared.resolver.aws.ConfigClusterResolver   :43   [32m        [0;39m Resolving eureka endpoints via configuration
2020-08-28 08:21:44.242 INFO  c.n.d.shared.resolver.aws.ConfigClusterResolver   :43   [32m        [0;39m Resolving eureka endpoints via configuration
2020-08-28 08:26:44.260 INFO  c.n.d.shared.resolver.aws.ConfigClusterResolver   :43   [32m        [0;39m Resolving eureka endpoints via configuration
2020-08-28 08:31:44.277 INFO  c.n.d.shared.resolver.aws.ConfigClusterResolver   :43   [32m        [0;39m Resolving eureka endpoints via configuration
2020-08-28 08:36:44.292 INFO  c.n.d.shared.resolver.aws.ConfigClusterResolver   :43   [32m        [0;39m Resolving eureka endpoints via configuration
2020-08-28 08:41:44.308 INFO  c.n.d.shared.resolver.aws.ConfigClusterResolver   :43   [32m        [0;39m Resolving eureka endpoints via configuration
2020-08-28 08:46:44.325 INFO  c.n.d.shared.resolver.aws.ConfigClusterResolver   :43   [32m        [0;39m Resolving eureka endpoints via configuration
2020-08-28 08:51:44.343 INFO  c.n.d.shared.resolver.aws.ConfigClusterResolver   :43   [32m        [0;39m Resolving eureka endpoints via configuration
2020-08-28 08:56:44.352 INFO  c.n.d.shared.resolver.aws.ConfigClusterResolver   :43   [32m        [0;39m Resolving eureka endpoints via configuration
2020-08-28 09:17:32.544 INFO  c.n.d.shared.resolver.aws.ConfigClusterResolver   :43   [32m        [0;39m Resolving eureka endpoints via configuration
2020-08-28 09:22:32.581 INFO  c.n.d.shared.resolver.aws.ConfigClusterResolver   :43   [32m        [0;39m Resolving eureka endpoints via configuration
2020-08-28 09:27:32.600 INFO  c.n.d.shared.resolver.aws.ConfigClusterResolver   :43   [32m        [0;39m Resolving eureka endpoints via configuration
2020-08-28 09:49:07.921 INFO  com.netflix.discovery.DiscoveryClient             :868  [32m        [0;39m DiscoveryClient_FILE/192.168.1.4:file:9003 - Re-registering apps/FILE
2020-08-28 09:49:07.923 INFO  com.netflix.discovery.DiscoveryClient             :844  [32m        [0;39m DiscoveryClient_FILE/192.168.1.4:file:9003: registering service...
2020-08-28 09:49:07.949 INFO  com.netflix.discovery.DiscoveryClient             :853  [32m        [0;39m DiscoveryClient_FILE/192.168.1.4:file:9003 - registration status: 204
2020-08-28 09:53:04.315 INFO  c.n.d.shared.resolver.aws.ConfigClusterResolver   :43   [32m        [0;39m Resolving eureka endpoints via configuration
2020-08-28 09:58:04.327 INFO  c.n.d.shared.resolver.aws.ConfigClusterResolver   :43   [32m        [0;39m Resolving eureka endpoints via configuration
2020-08-28 10:03:04.339 INFO  c.n.d.shared.resolver.aws.ConfigClusterResolver   :43   [32m        [0;39m Resolving eureka endpoints via configuration
2020-08-28 10:08:04.353 INFO  c.n.d.shared.resolver.aws.ConfigClusterResolver   :43   [32m        [0;39m Resolving eureka endpoints via configuration
2020-08-28 10:13:04.367 INFO  c.n.d.shared.resolver.aws.ConfigClusterResolver   :43   [32m        [0;39m Resolving eureka endpoints via configuration
2020-08-28 10:18:04.381 INFO  c.n.d.shared.resolver.aws.ConfigClusterResolver   :43   [32m        [0;39m Resolving eureka endpoints via configuration
2020-08-28 10:23:04.395 INFO  c.n.d.shared.resolver.aws.ConfigClusterResolver   :43   [32m        [0;39m Resolving eureka endpoints via configuration
2020-08-28 10:28:04.359 INFO  c.n.d.shared.resolver.aws.ConfigClusterResolver   :43   [32m        [0;39m Resolving eureka endpoints via configuration
2020-08-28 10:33:04.373 INFO  c.n.d.shared.resolver.aws.ConfigClusterResolver   :43   [32m        [0;39m Resolving eureka endpoints via configuration
2020-08-28 10:38:04.400 INFO  c.n.d.shared.resolver.aws.ConfigClusterResolver   :43   [32m        [0;39m Resolving eureka endpoints via configuration
2020-08-28 10:43:04.416 INFO  c.n.d.shared.resolver.aws.ConfigClusterResolver   :43   [32m        [0;39m Resolving eureka endpoints via configuration
2020-08-28 10:48:04.410 INFO  c.n.d.shared.resolver.aws.ConfigClusterResolver   :43   [32m        [0;39m Resolving eureka endpoints via configuration
2020-08-28 10:53:04.423 INFO  c.n.d.shared.resolver.aws.ConfigClusterResolver   :43   [32m        [0;39m Resolving eureka endpoints via configuration
2020-08-28 10:58:04.436 INFO  c.n.d.shared.resolver.aws.ConfigClusterResolver   :43   [32m        [0;39m Resolving eureka endpoints via configuration
2020-08-28 11:03:04.427 INFO  c.n.d.shared.resolver.aws.ConfigClusterResolver   :43   [32m        [0;39m Resolving eureka endpoints via configuration
2020-08-28 11:08:04.440 INFO  c.n.d.shared.resolver.aws.ConfigClusterResolver   :43   [32m        [0;39m Resolving eureka endpoints via configuration
2020-08-28 11:13:04.453 INFO  c.n.d.shared.resolver.aws.ConfigClusterResolver   :43   [32m        [0;39m Resolving eureka endpoints via configuration
2020-08-28 11:18:04.447 INFO  c.n.d.shared.resolver.aws.ConfigClusterResolver   :43   [32m        [0;39m Resolving eureka endpoints via configuration
2020-08-28 11:23:04.460 INFO  c.n.d.shared.resolver.aws.ConfigClusterResolver   :43   [32m        [0;39m Resolving eureka endpoints via configuration
2020-08-28 11:28:04.474 INFO  c.n.d.shared.resolver.aws.ConfigClusterResolver   :43   [32m        [0;39m Resolving eureka endpoints via configuration
2020-08-28 11:33:04.486 INFO  c.n.d.shared.resolver.aws.ConfigClusterResolver   :43   [32m        [0;39m Resolving eureka endpoints via configuration
2020-08-28 11:38:04.476 INFO  c.n.d.shared.resolver.aws.ConfigClusterResolver   :43   [32m        [0;39m Resolving eureka endpoints via configuration
2020-08-28 11:43:04.492 INFO  c.n.d.shared.resolver.aws.ConfigClusterResolver   :43   [32m        [0;39m Resolving eureka endpoints via configuration
2020-08-28 11:48:04.507 INFO  c.n.d.shared.resolver.aws.ConfigClusterResolver   :43   [32m        [0;39m Resolving eureka endpoints via configuration
2020-08-28 11:53:04.499 INFO  c.n.d.shared.resolver.aws.ConfigClusterResolver   :43   [32m        [0;39m Resolving eureka endpoints via configuration
2020-08-28 11:58:04.510 INFO  c.n.d.shared.resolver.aws.ConfigClusterResolver   :43   [32m        [0;39m Resolving eureka endpoints via configuration
2020-08-28 12:03:04.524 INFO  c.n.d.shared.resolver.aws.ConfigClusterResolver   :43   [32m        [0;39m Resolving eureka endpoints via configuration
2020-08-28 12:08:04.536 INFO  c.n.d.shared.resolver.aws.ConfigClusterResolver   :43   [32m        [0;39m Resolving eureka endpoints via configuration
2020-08-28 12:13:04.532 INFO  c.n.d.shared.resolver.aws.ConfigClusterResolver   :43   [32m        [0;39m Resolving eureka endpoints via configuration
2020-08-28 12:18:04.551 INFO  c.n.d.shared.resolver.aws.ConfigClusterResolver   :43   [32m        [0;39m Resolving eureka endpoints via configuration
2020-08-28 12:23:04.566 INFO  c.n.d.shared.resolver.aws.ConfigClusterResolver   :43   [32m        [0;39m Resolving eureka endpoints via configuration
2020-08-28 12:28:04.566 INFO  c.n.d.shared.resolver.aws.ConfigClusterResolver   :43   [32m        [0;39m Resolving eureka endpoints via configuration
2020-08-28 12:34:01.801 INFO  c.n.d.shared.resolver.aws.ConfigClusterResolver   :43   [32m        [0;39m Resolving eureka endpoints via configuration
2020-08-28 12:39:01.813 INFO  c.n.d.shared.resolver.aws.ConfigClusterResolver   :43   [32m        [0;39m Resolving eureka endpoints via configuration
2020-08-28 12:44:01.826 INFO  c.n.d.shared.resolver.aws.ConfigClusterResolver   :43   [32m        [0;39m Resolving eureka endpoints via configuration
2020-08-28 12:49:01.841 INFO  c.n.d.shared.resolver.aws.ConfigClusterResolver   :43   [32m        [0;39m Resolving eureka endpoints via configuration
2020-08-28 12:54:01.829 INFO  c.n.d.shared.resolver.aws.ConfigClusterResolver   :43   [32m        [0;39m Resolving eureka endpoints via configuration
2020-08-28 12:59:01.844 INFO  c.n.d.shared.resolver.aws.ConfigClusterResolver   :43   [32m        [0;39m Resolving eureka endpoints via configuration
2020-08-28 13:04:01.859 INFO  c.n.d.shared.resolver.aws.ConfigClusterResolver   :43   [32m        [0;39m Resolving eureka endpoints via configuration
2020-08-28 13:09:01.856 INFO  c.n.d.shared.resolver.aws.ConfigClusterResolver   :43   [32m        [0;39m Resolving eureka endpoints via configuration
2020-08-28 13:14:01.875 INFO  c.n.d.shared.resolver.aws.ConfigClusterResolver   :43   [32m        [0;39m Resolving eureka endpoints via configuration
2020-08-28 13:34:40.004 INFO  c.n.d.shared.resolver.aws.ConfigClusterResolver   :43   [32m        [0;39m Resolving eureka endpoints via configuration
2020-08-28 13:39:40.017 INFO  c.n.d.shared.resolver.aws.ConfigClusterResolver   :43   [32m        [0;39m Resolving eureka endpoints via configuration
2020-08-28 13:44:40.031 INFO  c.n.d.shared.resolver.aws.ConfigClusterResolver   :43   [32m        [0;39m Resolving eureka endpoints via configuration
2020-08-28 13:51:29.324 INFO  c.n.d.shared.resolver.aws.ConfigClusterResolver   :43   [32m        [0;39m Resolving eureka endpoints via configuration
2020-08-28 13:56:29.335 INFO  c.n.d.shared.resolver.aws.ConfigClusterResolver   :43   [32m        [0;39m Resolving eureka endpoints via configuration
2020-08-28 14:01:29.352 INFO  c.n.d.shared.resolver.aws.ConfigClusterResolver   :43   [32m        [0;39m Resolving eureka endpoints via configuration
2020-08-28 14:17:49.223 INFO  c.n.d.shared.resolver.aws.ConfigClusterResolver   :43   [32m        [0;39m Resolving eureka endpoints via configuration
2020-08-28 14:22:49.234 INFO  c.n.d.shared.resolver.aws.ConfigClusterResolver   :43   [32m        [0;39m Resolving eureka endpoints via configuration
2020-08-28 14:27:49.247 INFO  c.n.d.shared.resolver.aws.ConfigClusterResolver   :43   [32m        [0;39m Resolving eureka endpoints via configuration
2020-08-28 14:32:49.261 INFO  c.n.d.shared.resolver.aws.ConfigClusterResolver   :43   [32m        [0;39m Resolving eureka endpoints via configuration
2020-08-28 14:37:49.248 INFO  c.n.d.shared.resolver.aws.ConfigClusterResolver   :43   [32m        [0;39m Resolving eureka endpoints via configuration
2020-08-28 14:42:49.258 INFO  c.n.d.shared.resolver.aws.ConfigClusterResolver   :43   [32m        [0;39m Resolving eureka endpoints via configuration
2020-08-28 14:47:49.273 INFO  c.n.d.shared.resolver.aws.ConfigClusterResolver   :43   [32m        [0;39m Resolving eureka endpoints via configuration
2020-08-28 14:52:49.268 INFO  c.n.d.shared.resolver.aws.ConfigClusterResolver   :43   [32m        [0;39m Resolving eureka endpoints via configuration
2020-08-28 14:57:49.280 INFO  c.n.d.shared.resolver.aws.ConfigClusterResolver   :43   [32m        [0;39m Resolving eureka endpoints via configuration
2020-08-28 15:02:49.294 INFO  c.n.d.shared.resolver.aws.ConfigClusterResolver   :43   [32m        [0;39m Resolving eureka endpoints via configuration
2020-08-28 15:07:49.309 INFO  c.n.d.shared.resolver.aws.ConfigClusterResolver   :43   [32m        [0;39m Resolving eureka endpoints via configuration
2020-08-28 15:12:49.303 INFO  c.n.d.shared.resolver.aws.ConfigClusterResolver   :43   [32m        [0;39m Resolving eureka endpoints via configuration
2020-08-28 15:17:49.318 INFO  c.n.d.shared.resolver.aws.ConfigClusterResolver   :43   [32m        [0;39m Resolving eureka endpoints via configuration
2020-08-28 15:22:49.331 INFO  c.n.d.shared.resolver.aws.ConfigClusterResolver   :43   [32m        [0;39m Resolving eureka endpoints via configuration
2020-08-28 15:27:49.328 INFO  c.n.d.shared.resolver.aws.ConfigClusterResolver   :43   [32m        [0;39m Resolving eureka endpoints via configuration
2020-08-28 15:32:49.341 INFO  c.n.d.shared.resolver.aws.ConfigClusterResolver   :43   [32m        [0;39m Resolving eureka endpoints via configuration
2020-08-28 15:37:49.356 INFO  c.n.d.shared.resolver.aws.ConfigClusterResolver   :43   [32m        [0;39m Resolving eureka endpoints via configuration
2020-08-28 15:42:49.369 INFO  c.n.d.shared.resolver.aws.ConfigClusterResolver   :43   [32m        [0;39m Resolving eureka endpoints via configuration
2020-08-28 15:47:49.364 INFO  c.n.d.shared.resolver.aws.ConfigClusterResolver   :43   [32m        [0;39m Resolving eureka endpoints via configuration
2020-08-28 15:52:49.377 INFO  c.n.d.shared.resolver.aws.ConfigClusterResolver   :43   [32m        [0;39m Resolving eureka endpoints via configuration
2020-08-28 15:57:49.394 INFO  c.n.d.shared.resolver.aws.ConfigClusterResolver   :43   [32m        [0;39m Resolving eureka endpoints via configuration
2020-08-28 16:02:49.390 INFO  c.n.d.shared.resolver.aws.ConfigClusterResolver   :43   [32m        [0;39m Resolving eureka endpoints via configuration
2020-08-28 16:07:49.403 INFO  c.n.d.shared.resolver.aws.ConfigClusterResolver   :43   [32m        [0;39m Resolving eureka endpoints via configuration
2020-08-28 16:12:49.417 INFO  c.n.d.shared.resolver.aws.ConfigClusterResolver   :43   [32m        [0;39m Resolving eureka endpoints via configuration
2020-08-28 16:17:49.431 INFO  c.n.d.shared.resolver.aws.ConfigClusterResolver   :43   [32m        [0;39m Resolving eureka endpoints via configuration
2020-08-28 16:22:49.423 INFO  c.n.d.shared.resolver.aws.ConfigClusterResolver   :43   [32m        [0;39m Resolving eureka endpoints via configuration
2020-08-28 16:27:49.439 INFO  c.n.d.shared.resolver.aws.ConfigClusterResolver   :43   [32m        [0;39m Resolving eureka endpoints via configuration
2020-08-28 16:32:49.453 INFO  c.n.d.shared.resolver.aws.ConfigClusterResolver   :43   [32m        [0;39m Resolving eureka endpoints via configuration
2020-08-28 16:37:49.446 INFO  c.n.d.shared.resolver.aws.ConfigClusterResolver   :43   [32m        [0;39m Resolving eureka endpoints via configuration
2020-08-28 16:42:49.460 INFO  c.n.d.shared.resolver.aws.ConfigClusterResolver   :43   [32m        [0;39m Resolving eureka endpoints via configuration
2020-08-28 16:47:49.475 INFO  c.n.d.shared.resolver.aws.ConfigClusterResolver   :43   [32m        [0;39m Resolving eureka endpoints via configuration
2020-08-28 16:52:49.490 INFO  c.n.d.shared.resolver.aws.ConfigClusterResolver   :43   [32m        [0;39m Resolving eureka endpoints via configuration
2020-08-28 16:57:49.484 INFO  c.n.d.shared.resolver.aws.ConfigClusterResolver   :43   [32m        [0;39m Resolving eureka endpoints via configuration
2020-08-28 17:02:49.498 INFO  c.n.d.shared.resolver.aws.ConfigClusterResolver   :43   [32m        [0;39m Resolving eureka endpoints via configuration
2020-08-28 19:46:56.634 INFO  c.n.d.shared.resolver.aws.ConfigClusterResolver   :43   [32m        [0;39m Resolving eureka endpoints via configuration
2020-08-28 20:24:49.466 INFO  c.n.d.shared.resolver.aws.ConfigClusterResolver   :43   [32m        [0;39m Resolving eureka endpoints via configuration
2020-08-28 20:29:49.475 INFO  c.n.d.shared.resolver.aws.ConfigClusterResolver   :43   [32m        [0;39m Resolving eureka endpoints via configuration
2020-08-28 20:34:49.491 INFO  c.n.d.shared.resolver.aws.ConfigClusterResolver   :43   [32m        [0;39m Resolving eureka endpoints via configuration
2020-08-28 20:39:49.501 INFO  c.n.d.shared.resolver.aws.ConfigClusterResolver   :43   [32m        [0;39m Resolving eureka endpoints via configuration
2020-08-28 20:44:49.517 INFO  c.n.d.shared.resolver.aws.ConfigClusterResolver   :43   [32m        [0;39m Resolving eureka endpoints via configuration
2020-08-28 20:49:49.536 INFO  c.n.d.shared.resolver.aws.ConfigClusterResolver   :43   [32m        [0;39m Resolving eureka endpoints via configuration
2020-08-28 20:54:49.513 INFO  c.n.d.shared.resolver.aws.ConfigClusterResolver   :43   [32m        [0;39m Resolving eureka endpoints via configuration
2020-08-28 21:13:08.583 INFO  c.n.d.shared.resolver.aws.ConfigClusterResolver   :43   [32m        [0;39m Resolving eureka endpoints via configuration
2020-08-28 21:18:08.599 INFO  c.n.d.shared.resolver.aws.ConfigClusterResolver   :43   [32m        [0;39m Resolving eureka endpoints via configuration
2020-08-28 21:23:08.611 INFO  c.n.d.shared.resolver.aws.ConfigClusterResolver   :43   [32m        [0;39m Resolving eureka endpoints via configuration
2020-08-28 21:28:08.630 INFO  c.n.d.shared.resolver.aws.ConfigClusterResolver   :43   [32m        [0;39m Resolving eureka endpoints via configuration
2020-08-28 21:33:08.624 INFO  c.n.d.shared.resolver.aws.ConfigClusterResolver   :43   [32m        [0;39m Resolving eureka endpoints via configuration
2020-08-28 21:38:08.635 INFO  c.n.d.shared.resolver.aws.ConfigClusterResolver   :43   [32m        [0;39m Resolving eureka endpoints via configuration
2020-08-28 21:49:32.837 INFO  c.n.d.shared.resolver.aws.ConfigClusterResolver   :43   [32m        [0;39m Resolving eureka endpoints via configuration
2020-08-28 21:54:32.853 INFO  c.n.d.shared.resolver.aws.ConfigClusterResolver   :43   [32m        [0;39m Resolving eureka endpoints via configuration
2020-08-28 21:59:32.866 INFO  c.n.d.shared.resolver.aws.ConfigClusterResolver   :43   [32m        [0;39m Resolving eureka endpoints via configuration
2020-08-28 22:04:32.880 INFO  c.n.d.shared.resolver.aws.ConfigClusterResolver   :43   [32m        [0;39m Resolving eureka endpoints via configuration
2020-08-28 22:09:32.870 INFO  c.n.d.shared.resolver.aws.ConfigClusterResolver   :43   [32m        [0;39m Resolving eureka endpoints via configuration
2020-08-28 22:14:32.884 INFO  c.n.d.shared.resolver.aws.ConfigClusterResolver   :43   [32m        [0;39m Resolving eureka endpoints via configuration
2020-08-28 22:19:32.894 INFO  c.n.d.shared.resolver.aws.ConfigClusterResolver   :43   [32m        [0;39m Resolving eureka endpoints via configuration
2020-08-28 22:24:32.907 INFO  c.n.d.shared.resolver.aws.ConfigClusterResolver   :43   [32m        [0;39m Resolving eureka endpoints via configuration
2020-08-28 22:29:32.900 INFO  c.n.d.shared.resolver.aws.ConfigClusterResolver   :43   [32m        [0;39m Resolving eureka endpoints via configuration
2020-08-28 22:34:32.911 INFO  c.n.d.shared.resolver.aws.ConfigClusterResolver   :43   [32m        [0;39m Resolving eureka endpoints via configuration
2020-08-28 22:39:32.922 INFO  c.n.d.shared.resolver.aws.ConfigClusterResolver   :43   [32m        [0;39m Resolving eureka endpoints via configuration
2020-08-28 22:44:32.918 INFO  c.n.d.shared.resolver.aws.ConfigClusterResolver   :43   [32m        [0;39m Resolving eureka endpoints via configuration
2020-08-28 22:49:32.928 INFO  c.n.d.shared.resolver.aws.ConfigClusterResolver   :43   [32m        [0;39m Resolving eureka endpoints via configuration
2020-08-28 22:54:32.942 INFO  c.n.d.shared.resolver.aws.ConfigClusterResolver   :43   [32m        [0;39m Resolving eureka endpoints via configuration
2020-08-28 22:59:32.952 INFO  c.n.d.shared.resolver.aws.ConfigClusterResolver   :43   [32m        [0;39m Resolving eureka endpoints via configuration
2020-08-28 23:04:32.945 INFO  c.n.d.shared.resolver.aws.ConfigClusterResolver   :43   [32m        [0;39m Resolving eureka endpoints via configuration
2020-08-28 23:09:32.959 INFO  c.n.d.shared.resolver.aws.ConfigClusterResolver   :43   [32m        [0;39m Resolving eureka endpoints via configuration
2020-08-28 23:14:32.974 INFO  c.n.d.shared.resolver.aws.ConfigClusterResolver   :43   [32m        [0;39m Resolving eureka endpoints via configuration
2020-08-28 23:19:32.971 INFO  c.n.d.shared.resolver.aws.ConfigClusterResolver   :43   [32m        [0;39m Resolving eureka endpoints via configuration
2020-08-28 23:24:32.985 INFO  c.n.d.shared.resolver.aws.ConfigClusterResolver   :43   [32m        [0;39m Resolving eureka endpoints via configuration
2020-08-28 23:29:33.005 INFO  c.n.d.shared.resolver.aws.ConfigClusterResolver   :43   [32m        [0;39m Resolving eureka endpoints via configuration
2020-08-28 23:32:39.090 ERROR o.a.c.c.C.[.[.[/file].[dispatcherServlet]         :175  [32m        [0;39m Servlet.service() for servlet [dispatcherServlet] in context with path [/file] threw exception [Request processing failed; nested exception is org.springframework.web.multipart.MaxUploadSizeExceededException: Maximum upload size exceeded; nested exception is java.lang.IllegalStateException: org.apache.tomcat.util.http.fileupload.FileUploadBase$FileSizeLimitExceededException: The field file exceeds its maximum permitted size of 1048576 bytes.] with root cause
org.apache.tomcat.util.http.fileupload.FileUploadBase$FileSizeLimitExceededException: The field file exceeds its maximum permitted size of 1048576 bytes.
	at org.apache.tomcat.util.http.fileupload.FileUploadBase$FileItemIteratorImpl$FileItemStreamImpl$1.raiseError(FileUploadBase.java:633)
	at org.apache.tomcat.util.http.fileupload.util.LimitedInputStream.checkLimit(LimitedInputStream.java:76)
	at org.apache.tomcat.util.http.fileupload.util.LimitedInputStream.read(LimitedInputStream.java:135)
	at java.io.FilterInputStream.read(FilterInputStream.java:107)
	at org.apache.tomcat.util.http.fileupload.util.Streams.copy(Streams.java:98)
	at org.apache.tomcat.util.http.fileupload.FileUploadBase.parseRequest(FileUploadBase.java:294)
	at org.apache.catalina.connector.Request.parseParts(Request.java:2868)
	at org.apache.catalina.connector.Request.getParts(Request.java:2770)
	at org.apache.catalina.connector.RequestFacade.getParts(RequestFacade.java:1098)
	at org.springframework.web.multipart.support.StandardMultipartHttpServletRequest.parseRequest(StandardMultipartHttpServletRequest.java:95)
	at org.springframework.web.multipart.support.StandardMultipartHttpServletRequest.<init>(StandardMultipartHttpServletRequest.java:88)
	at org.springframework.web.multipart.support.StandardServletMultipartResolver.resolveMultipart(StandardServletMultipartResolver.java:87)
	at org.springframework.web.servlet.DispatcherServlet.checkMultipart(DispatcherServlet.java:1178)
	at org.springframework.web.servlet.DispatcherServlet.doDispatch(DispatcherServlet.java:1012)
	at org.springframework.web.servlet.DispatcherServlet.doService(DispatcherServlet.java:943)
	at org.springframework.web.servlet.FrameworkServlet.processRequest(FrameworkServlet.java:1006)
	at org.springframework.web.servlet.FrameworkServlet.doPost(FrameworkServlet.java:909)
	at javax.servlet.http.HttpServlet.service(HttpServlet.java:660)
	at org.springframework.web.servlet.FrameworkServlet.service(FrameworkServlet.java:883)
	at javax.servlet.http.HttpServlet.service(HttpServlet.java:741)
	at org.apache.catalina.core.ApplicationFilterChain.internalDoFilter(ApplicationFilterChain.java:231)
	at org.apache.catalina.core.ApplicationFilterChain.doFilter(ApplicationFilterChain.java:166)
	at org.apache.tomcat.websocket.server.WsFilter.doFilter(WsFilter.java:53)
	at org.apache.catalina.core.ApplicationFilterChain.internalDoFilter(ApplicationFilterChain.java:193)
	at org.apache.catalina.core.ApplicationFilterChain.doFilter(ApplicationFilterChain.java:166)
	at org.springframework.web.filter.RequestContextFilter.doFilterInternal(RequestContextFilter.java:100)
	at org.springframework.web.filter.OncePerRequestFilter.doFilter(OncePerRequestFilter.java:119)
	at org.apache.catalina.core.ApplicationFilterChain.internalDoFilter(ApplicationFilterChain.java:193)
	at org.apache.catalina.core.ApplicationFilterChain.doFilter(ApplicationFilterChain.java:166)
	at org.springframework.web.filter.FormContentFilter.doFilterInternal(FormContentFilter.java:93)
	at org.springframework.web.filter.OncePerRequestFilter.doFilter(OncePerRequestFilter.java:119)
	at org.apache.catalina.core.ApplicationFilterChain.internalDoFilter(ApplicationFilterChain.java:193)
	at org.apache.catalina.core.ApplicationFilterChain.doFilter(ApplicationFilterChain.java:166)
	at org.springframework.web.filter.CharacterEncodingFilter.doFilterInternal(CharacterEncodingFilter.java:201)
	at org.springframework.web.filter.OncePerRequestFilter.doFilter(OncePerRequestFilter.java:119)
	at org.apache.catalina.core.ApplicationFilterChain.internalDoFilter(ApplicationFilterChain.java:193)
	at org.apache.catalina.core.ApplicationFilterChain.doFilter(ApplicationFilterChain.java:166)
	at org.apache.catalina.core.StandardWrapperValve.invoke(StandardWrapperValve.java:202)
	at org.apache.catalina.core.StandardContextValve.invoke(StandardContextValve.java:96)
	at org.apache.catalina.authenticator.AuthenticatorBase.invoke(AuthenticatorBase.java:526)
	at org.apache.catalina.core.StandardHostValve.invoke(StandardHostValve.java:139)
	at org.apache.catalina.valves.ErrorReportValve.invoke(ErrorReportValve.java:92)
	at org.apache.catalina.core.StandardEngineValve.invoke(StandardEngineValve.java:74)
	at org.apache.catalina.connector.CoyoteAdapter.service(CoyoteAdapter.java:343)
	at org.apache.coyote.http11.Http11Processor.service(Http11Processor.java:367)
	at org.apache.coyote.AbstractProcessorLight.process(AbstractProcessorLight.java:65)
	at org.apache.coyote.AbstractProtocol$ConnectionHandler.process(AbstractProtocol.java:860)
	at org.apache.tomcat.util.net.NioEndpoint$SocketProcessor.doRun(NioEndpoint.java:1591)
	at org.apache.tomcat.util.net.SocketProcessorBase.run(SocketProcessorBase.java:49)
	at java.util.concurrent.ThreadPoolExecutor.runWorker(ThreadPoolExecutor.java:1149)
	at java.util.concurrent.ThreadPoolExecutor$Worker.run(ThreadPoolExecutor.java:624)
	at org.apache.tomcat.util.threads.TaskThread$WrappingRunnable.run(TaskThread.java:61)
	at java.lang.Thread.run(Thread.java:748)
2020-08-28 23:33:01.665 INFO  com.course.server.config.LogAspect                :76   [32mre21djr6[0;39m ------------- 【file uploading】操作开始 -------------
2020-08-28 23:33:01.672 INFO  com.course.server.config.LogAspect                :77   [32mre21djr6[0;39m 请求地址: http://192.168.1.4:9003/file/admin/upload POST
2020-08-28 23:33:01.672 INFO  com.course.server.config.LogAspect                :78   [32mre21djr6[0;39m 类名方法: com.course.file.controller.admin.UploadController.test
2020-08-28 23:33:01.673 INFO  com.course.server.config.LogAspect                :79   [32mre21djr6[0;39m 远程地址: 192.168.1.4
2020-08-28 23:33:01.686 INFO  com.course.server.config.LogAspect                :97   [32mre21djr6[0;39m 请求参数: [null]
2020-08-28 23:33:01.737 INFO  com.course.file.controller.admin.UploadController :34   [32mre21djr6[0;39m Uploading file: org.springframework.web.multipart.support.StandardMultipartHttpServletRequest$StandardMultipartFile@5fc01c9c
2020-08-28 23:33:01.737 INFO  com.course.file.controller.admin.UploadController :35   [32mre21djr6[0;39m WechatIMG23.jpeg
2020-08-28 23:33:01.737 INFO  com.course.file.controller.admin.UploadController :36   [32mre21djr6[0;39m 86787
2020-08-28 23:33:01.737 INFO  com.course.file.controller.admin.UploadController :44   [32mre21djr6[0;39m /Users/patrick/Projects/course/data/file/imooc/course/teacher/6x68Yiqp-WechatIMG23.jpeg
2020-08-28 23:33:01.738 INFO  com.course.file.controller.admin.UploadController :47   [32mre21djr6[0;39m /Users/patrick/Projects/course/data/file/imooc/course/teacher/6x68Yiqp-WechatIMG23.jpeg
2020-08-28 23:33:01.772 INFO  com.course.server.config.LogAspect                :109  [32mre21djr6[0;39m 返回结果: {"content":"http://127.0.0.1:9000/file/f/teacher/6x68Yiqp-WechatIMG23.jpeg","success":true}
2020-08-28 23:33:01.772 INFO  com.course.server.config.LogAspect                :110  [32mre21djr6[0;39m ------------- 结束 耗时：181 ms -------------
2020-08-29 20:53:21.612 INFO  o.s.c.s.PostProcessorRegistrationDelegate$BeanPostProcessorChecker:330  [32m        [0;39m Bean 'org.springframework.cloud.autoconfigure.ConfigurationPropertiesRebinderAutoConfiguration' of type [org.springframework.cloud.autoconfigure.ConfigurationPropertiesRebinderAutoConfiguration] is not eligible for getting processed by all BeanPostProcessors (for example: not eligible for auto-proxying)
2020-08-29 20:53:21.636 INFO  com.course.file.config.FileApplication            :651  [32m        [0;39m No active profile set, falling back to default profiles: default
2020-08-29 20:53:21.922 INFO  o.springframework.cloud.context.scope.GenericScope:295  [32m        [0;39m BeanFactory id=273d99e8-d1ea-3dff-85da-12d748c13fe3
2020-08-29 20:53:21.933 INFO  o.s.c.s.PostProcessorRegistrationDelegate$BeanPostProcessorChecker:330  [32m        [0;39m Bean 'org.springframework.transaction.annotation.ProxyTransactionManagementConfiguration' of type [org.springframework.transaction.annotation.ProxyTransactionManagementConfiguration] is not eligible for getting processed by all BeanPostProcessors (for example: not eligible for auto-proxying)
2020-08-29 20:53:21.939 INFO  o.s.c.s.PostProcessorRegistrationDelegate$BeanPostProcessorChecker:330  [32m        [0;39m Bean 'org.springframework.cloud.autoconfigure.ConfigurationPropertiesRebinderAutoConfiguration' of type [org.springframework.cloud.autoconfigure.ConfigurationPropertiesRebinderAutoConfiguration] is not eligible for getting processed by all BeanPostProcessors (for example: not eligible for auto-proxying)
2020-08-29 20:53:22.004 WARN  org.apache.tomcat.util.modeler.Registry           :173  [32m        [0;39m The MBean registry cannot be disabled because it has already been initialised
2020-08-29 20:53:22.040 INFO  o.s.boot.web.embedded.tomcat.TomcatWebServer      :92   [32m        [0;39m Tomcat initialized with port(s): 9003 (http)
2020-08-29 20:53:22.041 INFO  org.apache.coyote.http11.Http11NioProtocol        :173  [32m        [0;39m Initializing ProtocolHandler ["http-nio-9003"]
2020-08-29 20:53:22.041 INFO  org.apache.catalina.core.StandardService          :173  [32m        [0;39m Starting service [Tomcat]
2020-08-29 20:53:22.041 INFO  org.apache.catalina.core.StandardEngine           :173  [32m        [0;39m Starting Servlet engine: [Apache Tomcat/9.0.29]
2020-08-29 20:53:22.054 INFO  o.a.c.c.C.[Tomcat-1].[localhost].[/file]          :173  [32m        [0;39m Initializing Spring embedded WebApplicationContext
2020-08-29 20:53:22.054 INFO  org.springframework.web.context.ContextLoader     :284  [32m        [0;39m Root WebApplicationContext: initialization completed in 417 ms
2020-08-29 20:53:22.290 WARN  com.netflix.config.sources.URLConfigurationSource :121  [32m        [0;39m No URLs will be polled as dynamic configuration sources.
2020-08-29 20:53:22.290 INFO  com.netflix.config.sources.URLConfigurationSource :122  [32m        [0;39m To enable URLs as dynamic configuration sources, define System property archaius.configurationSource.additionalUrls or make config.properties available on classpath.
2020-08-29 20:53:22.460 INFO  o.s.scheduling.concurrent.ThreadPoolTaskExecutor  :171  [32m        [0;39m Initializing ExecutorService 'applicationTaskExecutor'
2020-08-29 20:53:22.698 WARN  o.s.b.d.autoconfigure.OptionalLiveReloadServer    :61   [32m        [0;39m Unable to start LiveReload server
2020-08-29 20:53:22.775 WARN  o.s.c.l.c.BlockingLoadBalancerClientAutoConfiguration$BlockingLoadBalancerClientRibbonWarnLogger:106  [32m        [0;39m You already have RibbonLoadBalancerClient on your classpath. It will be used by default. As Spring Cloud Ribbon is in maintenance mode. We recommend switching to BlockingLoadBalancerClient instead. In order to use it, set the value of `spring.cloud.loadbalancer.ribbon.enabled` to `false` or remove spring-cloud-starter-netflix-ribbon from your project.
2020-08-29 20:53:22.798 WARN  o.s.c.l.c.LoadBalancerCacheAutoConfiguration$LoadBalancerCaffeineWarnLogger:81   [32m        [0;39m Spring Cloud LoadBalancer is currently working with default default cache. You can switch to using Caffeine cache, by adding it to the classpath.
2020-08-29 20:53:22.820 INFO  o.s.cloud.netflix.eureka.InstanceInfoFactory      :72   [32m        [0;39m Setting initial instance status as: STARTING
2020-08-29 20:53:22.822 INFO  com.netflix.discovery.DiscoveryClient             :365  [32m        [0;39m Initializing Eureka in region us-east-1
2020-08-29 20:53:22.826 INFO  c.n.discovery.provider.DiscoveryJerseyProvider    :70   [32m        [0;39m Using JSON encoding codec LegacyJacksonJson
2020-08-29 20:53:22.826 INFO  c.n.discovery.provider.DiscoveryJerseyProvider    :71   [32m        [0;39m Using JSON decoding codec LegacyJacksonJson
2020-08-29 20:53:22.827 INFO  c.n.discovery.provider.DiscoveryJerseyProvider    :80   [32m        [0;39m Using XML encoding codec XStreamXml
2020-08-29 20:53:22.827 INFO  c.n.discovery.provider.DiscoveryJerseyProvider    :81   [32m        [0;39m Using XML decoding codec XStreamXml
2020-08-29 20:53:22.885 INFO  c.n.d.shared.resolver.aws.ConfigClusterResolver   :43   [32m        [0;39m Resolving eureka endpoints via configuration
2020-08-29 20:53:22.886 INFO  com.netflix.discovery.DiscoveryClient             :976  [32m        [0;39m Disable delta property : false
2020-08-29 20:53:22.887 INFO  com.netflix.discovery.DiscoveryClient             :977  [32m        [0;39m Single vip registry refresh property : null
2020-08-29 20:53:22.887 INFO  com.netflix.discovery.DiscoveryClient             :978  [32m        [0;39m Force full registry fetch : false
2020-08-29 20:53:22.887 INFO  com.netflix.discovery.DiscoveryClient             :979  [32m        [0;39m Application is null : false
2020-08-29 20:53:22.887 INFO  com.netflix.discovery.DiscoveryClient             :980  [32m        [0;39m Registered Applications size is zero : true
2020-08-29 20:53:22.887 INFO  com.netflix.discovery.DiscoveryClient             :982  [32m        [0;39m Application version is -1: true
2020-08-29 20:53:22.887 INFO  com.netflix.discovery.DiscoveryClient             :1065 [32m        [0;39m Getting all instance registry info from the eureka server
2020-08-29 20:53:22.890 INFO  com.netflix.discovery.DiscoveryClient             :1074 [32m        [0;39m The response status is 200
2020-08-29 20:53:22.891 INFO  com.netflix.discovery.DiscoveryClient             :1288 [32m        [0;39m Starting heartbeat executor: renew interval is: 30
2020-08-29 20:53:22.892 INFO  com.netflix.discovery.InstanceInfoReplicator      :60   [32m        [0;39m InstanceInfoReplicator onDemand update allowed rate per min is 4
2020-08-29 20:53:22.892 INFO  com.netflix.discovery.DiscoveryClient             :465  [32m        [0;39m Discovery Client initialized at timestamp 1598748802892 with initial instances count: 1
2020-08-29 20:53:22.897 INFO  o.s.c.n.e.serviceregistry.EurekaServiceRegistry   :41   [32m        [0;39m Registering application FILE with eureka with status UP
2020-08-29 20:53:22.897 INFO  com.netflix.discovery.DiscoveryClient             :1323 [32m        [0;39m Saw local status change event StatusChangeEvent [timestamp=1598748802897, current=UP, previous=STARTING]
2020-08-29 20:53:22.897 INFO  com.netflix.discovery.DiscoveryClient             :844  [32m        [0;39m DiscoveryClient_FILE/192.168.1.2:file:9003: registering service...
2020-08-29 20:53:22.902 INFO  org.apache.coyote.http11.Http11NioProtocol        :173  [32m        [0;39m Starting ProtocolHandler ["http-nio-9003"]
2020-08-29 20:53:22.903 INFO  com.netflix.discovery.DiscoveryClient             :853  [32m        [0;39m DiscoveryClient_FILE/192.168.1.2:file:9003 - registration status: 204
2020-08-29 20:53:22.904 INFO  o.s.boot.web.embedded.tomcat.TomcatWebServer      :204  [32m        [0;39m Tomcat started on port(s): 9003 (http) with context path '/file'
2020-08-29 20:53:22.905 INFO  o.s.c.n.e.s.EurekaAutoServiceRegistration         :145  [32m        [0;39m Updating port to 9003
2020-08-29 20:53:22.907 INFO  com.course.file.config.FileApplication            :61   [32m        [0;39m Started FileApplication in 1.377 seconds (JVM running for 2169.186)
2020-08-29 20:53:22.908 INFO  o.s.b.d.a.ConditionEvaluationDeltaLoggingListener :63   [32m        [0;39m Condition evaluation unchanged
2020-08-29 20:53:22.908 INFO  com.course.file.config.FileApplication            :23   [32m        [0;39m Start successfully！！
2020-08-29 20:53:22.908 INFO  com.course.file.config.FileApplication            :24   [32m        [0;39m File address: 	http://127.0.0.1:9003
2020-08-29 20:54:44.021 INFO  o.s.c.n.e.serviceregistry.EurekaServiceRegistry   :65   [32m        [0;39m Unregistering application FILE with eureka with status DOWN
2020-08-29 20:54:44.021 WARN  com.netflix.discovery.DiscoveryClient             :1321 [32m        [0;39m Saw local status change event StatusChangeEvent [timestamp=1598748884021, current=DOWN, previous=UP]
2020-08-29 20:54:44.022 INFO  com.netflix.discovery.DiscoveryClient             :844  [32m        [0;39m DiscoveryClient_FILE/192.168.1.2:file:9003: registering service...
2020-08-29 20:54:44.023 INFO  o.s.scheduling.concurrent.ThreadPoolTaskExecutor  :208  [32m        [0;39m Shutting down ExecutorService 'applicationTaskExecutor'
2020-08-29 20:54:44.024 INFO  com.netflix.discovery.DiscoveryClient             :906  [32m        [0;39m Shutting down DiscoveryClient ...
2020-08-29 20:54:44.026 INFO  com.netflix.discovery.DiscoveryClient             :853  [32m        [0;39m DiscoveryClient_FILE/192.168.1.2:file:9003 - registration status: 204
2020-08-29 20:54:44.026 INFO  com.netflix.discovery.DiscoveryClient             :940  [32m        [0;39m Unregistering ...
2020-08-29 20:54:44.028 INFO  com.netflix.discovery.DiscoveryClient             :942  [32m        [0;39m DiscoveryClient_FILE/192.168.1.2:file:9003 - deregister  status: 200
2020-08-29 20:54:44.032 INFO  com.netflix.discovery.DiscoveryClient             :929  [32m        [0;39m Completed shut down of DiscoveryClient
2020-08-29 20:54:44.347 INFO  o.s.c.s.PostProcessorRegistrationDelegate$BeanPostProcessorChecker:330  [32m        [0;39m Bean 'org.springframework.cloud.autoconfigure.ConfigurationPropertiesRebinderAutoConfiguration' of type [org.springframework.cloud.autoconfigure.ConfigurationPropertiesRebinderAutoConfiguration] is not eligible for getting processed by all BeanPostProcessors (for example: not eligible for auto-proxying)
2020-08-29 20:54:44.366 INFO  com.course.file.config.FileApplication            :651  [32m        [0;39m No active profile set, falling back to default profiles: default
2020-08-29 20:54:44.678 INFO  o.springframework.cloud.context.scope.GenericScope:295  [32m        [0;39m BeanFactory id=273d99e8-d1ea-3dff-85da-12d748c13fe3
2020-08-29 20:54:44.696 INFO  o.s.c.s.PostProcessorRegistrationDelegate$BeanPostProcessorChecker:330  [32m        [0;39m Bean 'org.springframework.transaction.annotation.ProxyTransactionManagementConfiguration' of type [org.springframework.transaction.annotation.ProxyTransactionManagementConfiguration] is not eligible for getting processed by all BeanPostProcessors (for example: not eligible for auto-proxying)
2020-08-29 20:54:44.702 INFO  o.s.c.s.PostProcessorRegistrationDelegate$BeanPostProcessorChecker:330  [32m        [0;39m Bean 'org.springframework.cloud.autoconfigure.ConfigurationPropertiesRebinderAutoConfiguration' of type [org.springframework.cloud.autoconfigure.ConfigurationPropertiesRebinderAutoConfiguration] is not eligible for getting processed by all BeanPostProcessors (for example: not eligible for auto-proxying)
2020-08-29 20:54:44.757 WARN  org.apache.tomcat.util.modeler.Registry           :173  [32m        [0;39m The MBean registry cannot be disabled because it has already been initialised
2020-08-29 20:54:44.786 INFO  o.s.boot.web.embedded.tomcat.TomcatWebServer      :92   [32m        [0;39m Tomcat initialized with port(s): 9003 (http)
2020-08-29 20:54:44.786 INFO  org.apache.coyote.http11.Http11NioProtocol        :173  [32m        [0;39m Initializing ProtocolHandler ["http-nio-9003"]
2020-08-29 20:54:44.786 INFO  org.apache.catalina.core.StandardService          :173  [32m        [0;39m Starting service [Tomcat]
2020-08-29 20:54:44.786 INFO  org.apache.catalina.core.StandardEngine           :173  [32m        [0;39m Starting Servlet engine: [Apache Tomcat/9.0.29]
2020-08-29 20:54:44.797 INFO  o.a.c.c.C.[Tomcat-1].[localhost].[/file]          :173  [32m        [0;39m Initializing Spring embedded WebApplicationContext
2020-08-29 20:54:44.797 INFO  org.springframework.web.context.ContextLoader     :284  [32m        [0;39m Root WebApplicationContext: initialization completed in 429 ms
2020-08-29 20:54:44.974 WARN  com.netflix.config.sources.URLConfigurationSource :121  [32m        [0;39m No URLs will be polled as dynamic configuration sources.
2020-08-29 20:54:44.974 INFO  com.netflix.config.sources.URLConfigurationSource :122  [32m        [0;39m To enable URLs as dynamic configuration sources, define System property archaius.configurationSource.additionalUrls or make config.properties available on classpath.
2020-08-29 20:54:45.110 INFO  o.s.scheduling.concurrent.ThreadPoolTaskExecutor  :171  [32m        [0;39m Initializing ExecutorService 'applicationTaskExecutor'
2020-08-29 20:54:45.313 WARN  o.s.b.d.autoconfigure.OptionalLiveReloadServer    :61   [32m        [0;39m Unable to start LiveReload server
2020-08-29 20:54:45.387 WARN  o.s.c.l.c.BlockingLoadBalancerClientAutoConfiguration$BlockingLoadBalancerClientRibbonWarnLogger:106  [32m        [0;39m You already have RibbonLoadBalancerClient on your classpath. It will be used by default. As Spring Cloud Ribbon is in maintenance mode. We recommend switching to BlockingLoadBalancerClient instead. In order to use it, set the value of `spring.cloud.loadbalancer.ribbon.enabled` to `false` or remove spring-cloud-starter-netflix-ribbon from your project.
2020-08-29 20:54:45.410 WARN  o.s.c.l.c.LoadBalancerCacheAutoConfiguration$LoadBalancerCaffeineWarnLogger:81   [32m        [0;39m Spring Cloud LoadBalancer is currently working with default default cache. You can switch to using Caffeine cache, by adding it to the classpath.
2020-08-29 20:54:45.433 INFO  o.s.cloud.netflix.eureka.InstanceInfoFactory      :72   [32m        [0;39m Setting initial instance status as: STARTING
2020-08-29 20:54:45.435 INFO  com.netflix.discovery.DiscoveryClient             :365  [32m        [0;39m Initializing Eureka in region us-east-1
2020-08-29 20:54:45.437 INFO  c.n.discovery.provider.DiscoveryJerseyProvider    :70   [32m        [0;39m Using JSON encoding codec LegacyJacksonJson
2020-08-29 20:54:45.438 INFO  c.n.discovery.provider.DiscoveryJerseyProvider    :71   [32m        [0;39m Using JSON decoding codec LegacyJacksonJson
2020-08-29 20:54:45.438 INFO  c.n.discovery.provider.DiscoveryJerseyProvider    :80   [32m        [0;39m Using XML encoding codec XStreamXml
2020-08-29 20:54:45.438 INFO  c.n.discovery.provider.DiscoveryJerseyProvider    :81   [32m        [0;39m Using XML decoding codec XStreamXml
2020-08-29 20:54:45.487 INFO  c.n.d.shared.resolver.aws.ConfigClusterResolver   :43   [32m        [0;39m Resolving eureka endpoints via configuration
2020-08-29 20:54:45.488 INFO  com.netflix.discovery.DiscoveryClient             :976  [32m        [0;39m Disable delta property : false
2020-08-29 20:54:45.488 INFO  com.netflix.discovery.DiscoveryClient             :977  [32m        [0;39m Single vip registry refresh property : null
2020-08-29 20:54:45.488 INFO  com.netflix.discovery.DiscoveryClient             :978  [32m        [0;39m Force full registry fetch : false
2020-08-29 20:54:45.488 INFO  com.netflix.discovery.DiscoveryClient             :979  [32m        [0;39m Application is null : false
2020-08-29 20:54:45.488 INFO  com.netflix.discovery.DiscoveryClient             :980  [32m        [0;39m Registered Applications size is zero : true
2020-08-29 20:54:45.489 INFO  com.netflix.discovery.DiscoveryClient             :982  [32m        [0;39m Application version is -1: true
2020-08-29 20:54:45.489 INFO  com.netflix.discovery.DiscoveryClient             :1065 [32m        [0;39m Getting all instance registry info from the eureka server
2020-08-29 20:54:45.491 INFO  com.netflix.discovery.DiscoveryClient             :1074 [32m        [0;39m The response status is 200
2020-08-29 20:54:45.492 INFO  com.netflix.discovery.DiscoveryClient             :1288 [32m        [0;39m Starting heartbeat executor: renew interval is: 30
2020-08-29 20:54:45.492 INFO  com.netflix.discovery.InstanceInfoReplicator      :60   [32m        [0;39m InstanceInfoReplicator onDemand update allowed rate per min is 4
2020-08-29 20:54:45.493 INFO  com.netflix.discovery.DiscoveryClient             :465  [32m        [0;39m Discovery Client initialized at timestamp 1598748885493 with initial instances count: 4
2020-08-29 20:54:45.497 INFO  o.s.c.n.e.serviceregistry.EurekaServiceRegistry   :41   [32m        [0;39m Registering application FILE with eureka with status UP
2020-08-29 20:54:45.497 INFO  com.netflix.discovery.DiscoveryClient             :1323 [32m        [0;39m Saw local status change event StatusChangeEvent [timestamp=1598748885497, current=UP, previous=STARTING]
2020-08-29 20:54:45.498 INFO  com.netflix.discovery.DiscoveryClient             :844  [32m        [0;39m DiscoveryClient_FILE/192.168.1.2:file:9003: registering service...
2020-08-29 20:54:45.502 INFO  com.netflix.discovery.DiscoveryClient             :853  [32m        [0;39m DiscoveryClient_FILE/192.168.1.2:file:9003 - registration status: 204
2020-08-29 20:54:45.503 INFO  org.apache.coyote.http11.Http11NioProtocol        :173  [32m        [0;39m Starting ProtocolHandler ["http-nio-9003"]
2020-08-29 20:54:45.505 INFO  o.s.boot.web.embedded.tomcat.TomcatWebServer      :204  [32m        [0;39m Tomcat started on port(s): 9003 (http) with context path '/file'
2020-08-29 20:54:45.505 INFO  o.s.c.n.e.s.EurekaAutoServiceRegistration         :145  [32m        [0;39m Updating port to 9003
2020-08-29 20:54:45.507 INFO  com.course.file.config.FileApplication            :61   [32m        [0;39m Started FileApplication in 1.196 seconds (JVM running for 2251.784)
2020-08-29 20:54:45.508 INFO  o.s.b.d.a.ConditionEvaluationDeltaLoggingListener :63   [32m        [0;39m Condition evaluation unchanged
2020-08-29 20:54:45.509 INFO  com.course.file.config.FileApplication            :23   [32m        [0;39m Start successfully！！
2020-08-29 20:54:45.509 INFO  com.course.file.config.FileApplication            :24   [32m        [0;39m File address: 	http://127.0.0.1:9003
2020-08-29 20:57:48.765 INFO  o.s.c.n.e.serviceregistry.EurekaServiceRegistry   :65   [32m        [0;39m Unregistering application FILE with eureka with status DOWN
2020-08-29 20:57:48.766 WARN  com.netflix.discovery.DiscoveryClient             :1321 [32m        [0;39m Saw local status change event StatusChangeEvent [timestamp=1598749068766, current=DOWN, previous=UP]
2020-08-29 20:57:48.766 INFO  com.netflix.discovery.DiscoveryClient             :844  [32m        [0;39m DiscoveryClient_FILE/192.168.1.2:file:9003: registering service...
2020-08-29 20:57:48.767 INFO  o.s.scheduling.concurrent.ThreadPoolTaskExecutor  :208  [32m        [0;39m Shutting down ExecutorService 'applicationTaskExecutor'
2020-08-29 20:57:48.768 INFO  com.netflix.discovery.DiscoveryClient             :906  [32m        [0;39m Shutting down DiscoveryClient ...
2020-08-29 20:57:48.770 INFO  com.netflix.discovery.DiscoveryClient             :853  [32m        [0;39m DiscoveryClient_FILE/192.168.1.2:file:9003 - registration status: 204
2020-08-29 20:57:48.770 INFO  com.netflix.discovery.DiscoveryClient             :940  [32m        [0;39m Unregistering ...
2020-08-29 20:57:48.773 INFO  com.netflix.discovery.DiscoveryClient             :942  [32m        [0;39m DiscoveryClient_FILE/192.168.1.2:file:9003 - deregister  status: 200
2020-08-29 20:57:48.775 INFO  com.netflix.discovery.DiscoveryClient             :929  [32m        [0;39m Completed shut down of DiscoveryClient
2020-08-29 20:57:49.024 INFO  o.s.c.s.PostProcessorRegistrationDelegate$BeanPostProcessorChecker:330  [32m        [0;39m Bean 'org.springframework.cloud.autoconfigure.ConfigurationPropertiesRebinderAutoConfiguration' of type [org.springframework.cloud.autoconfigure.ConfigurationPropertiesRebinderAutoConfiguration] is not eligible for getting processed by all BeanPostProcessors (for example: not eligible for auto-proxying)
2020-08-29 20:57:49.079 INFO  com.course.file.config.FileApplication            :651  [32m        [0;39m No active profile set, falling back to default profiles: default
2020-08-29 20:57:49.386 INFO  o.springframework.cloud.context.scope.GenericScope:295  [32m        [0;39m BeanFactory id=273d99e8-d1ea-3dff-85da-12d748c13fe3
2020-08-29 20:57:49.409 INFO  o.s.c.s.PostProcessorRegistrationDelegate$BeanPostProcessorChecker:330  [32m        [0;39m Bean 'org.springframework.transaction.annotation.ProxyTransactionManagementConfiguration' of type [org.springframework.transaction.annotation.ProxyTransactionManagementConfiguration] is not eligible for getting processed by all BeanPostProcessors (for example: not eligible for auto-proxying)
2020-08-29 20:57:49.417 INFO  o.s.c.s.PostProcessorRegistrationDelegate$BeanPostProcessorChecker:330  [32m        [0;39m Bean 'org.springframework.cloud.autoconfigure.ConfigurationPropertiesRebinderAutoConfiguration' of type [org.springframework.cloud.autoconfigure.ConfigurationPropertiesRebinderAutoConfiguration] is not eligible for getting processed by all BeanPostProcessors (for example: not eligible for auto-proxying)
2020-08-29 20:57:49.506 WARN  org.apache.tomcat.util.modeler.Registry           :173  [32m        [0;39m The MBean registry cannot be disabled because it has already been initialised
2020-08-29 20:57:49.538 INFO  o.s.boot.web.embedded.tomcat.TomcatWebServer      :92   [32m        [0;39m Tomcat initialized with port(s): 9003 (http)
2020-08-29 20:57:49.538 INFO  org.apache.coyote.http11.Http11NioProtocol        :173  [32m        [0;39m Initializing ProtocolHandler ["http-nio-9003"]
2020-08-29 20:57:49.538 INFO  org.apache.catalina.core.StandardService          :173  [32m        [0;39m Starting service [Tomcat]
2020-08-29 20:57:49.539 INFO  org.apache.catalina.core.StandardEngine           :173  [32m        [0;39m Starting Servlet engine: [Apache Tomcat/9.0.29]
2020-08-29 20:57:49.549 INFO  o.a.c.c.C.[Tomcat-1].[localhost].[/file]          :173  [32m        [0;39m Initializing Spring embedded WebApplicationContext
2020-08-29 20:57:49.549 INFO  org.springframework.web.context.ContextLoader     :284  [32m        [0;39m Root WebApplicationContext: initialization completed in 468 ms
2020-08-29 20:57:49.727 WARN  com.netflix.config.sources.URLConfigurationSource :121  [32m        [0;39m No URLs will be polled as dynamic configuration sources.
2020-08-29 20:57:49.727 INFO  com.netflix.config.sources.URLConfigurationSource :122  [32m        [0;39m To enable URLs as dynamic configuration sources, define System property archaius.configurationSource.additionalUrls or make config.properties available on classpath.
2020-08-29 20:57:49.842 INFO  o.s.scheduling.concurrent.ThreadPoolTaskExecutor  :171  [32m        [0;39m Initializing ExecutorService 'applicationTaskExecutor'
2020-08-29 20:57:50.027 WARN  o.s.b.d.autoconfigure.OptionalLiveReloadServer    :61   [32m        [0;39m Unable to start LiveReload server
2020-08-29 20:57:50.107 WARN  o.s.c.l.c.BlockingLoadBalancerClientAutoConfiguration$BlockingLoadBalancerClientRibbonWarnLogger:106  [32m        [0;39m You already have RibbonLoadBalancerClient on your classpath. It will be used by default. As Spring Cloud Ribbon is in maintenance mode. We recommend switching to BlockingLoadBalancerClient instead. In order to use it, set the value of `spring.cloud.loadbalancer.ribbon.enabled` to `false` or remove spring-cloud-starter-netflix-ribbon from your project.
2020-08-29 20:57:50.131 WARN  o.s.c.l.c.LoadBalancerCacheAutoConfiguration$LoadBalancerCaffeineWarnLogger:81   [32m        [0;39m Spring Cloud LoadBalancer is currently working with default default cache. You can switch to using Caffeine cache, by adding it to the classpath.
2020-08-29 20:57:50.157 INFO  o.s.cloud.netflix.eureka.InstanceInfoFactory      :72   [32m        [0;39m Setting initial instance status as: STARTING
2020-08-29 20:57:50.160 INFO  com.netflix.discovery.DiscoveryClient             :365  [32m        [0;39m Initializing Eureka in region us-east-1
2020-08-29 20:57:50.164 INFO  c.n.discovery.provider.DiscoveryJerseyProvider    :70   [32m        [0;39m Using JSON encoding codec LegacyJacksonJson
2020-08-29 20:57:50.164 INFO  c.n.discovery.provider.DiscoveryJerseyProvider    :71   [32m        [0;39m Using JSON decoding codec LegacyJacksonJson
2020-08-29 20:57:50.165 INFO  c.n.discovery.provider.DiscoveryJerseyProvider    :80   [32m        [0;39m Using XML encoding codec XStreamXml
2020-08-29 20:57:50.165 INFO  c.n.discovery.provider.DiscoveryJerseyProvider    :81   [32m        [0;39m Using XML decoding codec XStreamXml
2020-08-29 20:57:50.244 INFO  c.n.d.shared.resolver.aws.ConfigClusterResolver   :43   [32m        [0;39m Resolving eureka endpoints via configuration
2020-08-29 20:57:50.245 INFO  com.netflix.discovery.DiscoveryClient             :976  [32m        [0;39m Disable delta property : false
2020-08-29 20:57:50.246 INFO  com.netflix.discovery.DiscoveryClient             :977  [32m        [0;39m Single vip registry refresh property : null
2020-08-29 20:57:50.246 INFO  com.netflix.discovery.DiscoveryClient             :978  [32m        [0;39m Force full registry fetch : false
2020-08-29 20:57:50.246 INFO  com.netflix.discovery.DiscoveryClient             :979  [32m        [0;39m Application is null : false
2020-08-29 20:57:50.246 INFO  com.netflix.discovery.DiscoveryClient             :980  [32m        [0;39m Registered Applications size is zero : true
2020-08-29 20:57:50.246 INFO  com.netflix.discovery.DiscoveryClient             :982  [32m        [0;39m Application version is -1: true
2020-08-29 20:57:50.247 INFO  com.netflix.discovery.DiscoveryClient             :1065 [32m        [0;39m Getting all instance registry info from the eureka server
2020-08-29 20:57:50.250 INFO  com.netflix.discovery.DiscoveryClient             :1074 [32m        [0;39m The response status is 200
2020-08-29 20:57:50.251 INFO  com.netflix.discovery.DiscoveryClient             :1288 [32m        [0;39m Starting heartbeat executor: renew interval is: 30
2020-08-29 20:57:50.251 INFO  com.netflix.discovery.InstanceInfoReplicator      :60   [32m        [0;39m InstanceInfoReplicator onDemand update allowed rate per min is 4
2020-08-29 20:57:50.252 INFO  com.netflix.discovery.DiscoveryClient             :465  [32m        [0;39m Discovery Client initialized at timestamp 1598749070252 with initial instances count: 4
2020-08-29 20:57:50.258 INFO  o.s.c.n.e.serviceregistry.EurekaServiceRegistry   :41   [32m        [0;39m Registering application FILE with eureka with status UP
2020-08-29 20:57:50.258 INFO  com.netflix.discovery.DiscoveryClient             :1323 [32m        [0;39m Saw local status change event StatusChangeEvent [timestamp=1598749070258, current=UP, previous=STARTING]
2020-08-29 20:57:50.259 INFO  com.netflix.discovery.DiscoveryClient             :844  [32m        [0;39m DiscoveryClient_FILE/192.168.1.2:file:9003: registering service...
2020-08-29 20:57:50.264 INFO  com.netflix.discovery.DiscoveryClient             :853  [32m        [0;39m DiscoveryClient_FILE/192.168.1.2:file:9003 - registration status: 204
2020-08-29 20:57:50.266 INFO  org.apache.coyote.http11.Http11NioProtocol        :173  [32m        [0;39m Starting ProtocolHandler ["http-nio-9003"]
2020-08-29 20:57:50.267 INFO  o.s.boot.web.embedded.tomcat.TomcatWebServer      :204  [32m        [0;39m Tomcat started on port(s): 9003 (http) with context path '/file'
2020-08-29 20:57:50.268 INFO  o.s.c.n.e.s.EurekaAutoServiceRegistration         :145  [32m        [0;39m Updating port to 9003
2020-08-29 20:57:50.270 INFO  com.course.file.config.FileApplication            :61   [32m        [0;39m Started FileApplication in 1.315 seconds (JVM running for 2436.541)
2020-08-29 20:57:50.272 INFO  o.s.b.d.a.ConditionEvaluationDeltaLoggingListener :63   [32m        [0;39m Condition evaluation unchanged
2020-08-29 20:57:50.272 INFO  com.course.file.config.FileApplication            :23   [32m        [0;39m Start successfully！！
2020-08-29 20:57:50.272 INFO  com.course.file.config.FileApplication            :24   [32m        [0;39m File address: 	http://127.0.0.1:9003
2020-08-29 20:58:51.509 INFO  o.s.c.n.e.serviceregistry.EurekaServiceRegistry   :65   [32m        [0;39m Unregistering application FILE with eureka with status DOWN
2020-08-29 20:58:51.509 WARN  com.netflix.discovery.DiscoveryClient             :1321 [32m        [0;39m Saw local status change event StatusChangeEvent [timestamp=1598749131509, current=DOWN, previous=UP]
2020-08-29 20:58:51.509 INFO  com.netflix.discovery.DiscoveryClient             :844  [32m        [0;39m DiscoveryClient_FILE/192.168.1.2:file:9003: registering service...
2020-08-29 20:58:51.511 INFO  o.s.scheduling.concurrent.ThreadPoolTaskExecutor  :208  [32m        [0;39m Shutting down ExecutorService 'applicationTaskExecutor'
2020-08-29 20:58:51.511 INFO  com.netflix.discovery.DiscoveryClient             :906  [32m        [0;39m Shutting down DiscoveryClient ...
2020-08-29 20:58:51.513 INFO  com.netflix.discovery.DiscoveryClient             :853  [32m        [0;39m DiscoveryClient_FILE/192.168.1.2:file:9003 - registration status: 204
2020-08-29 20:58:51.513 INFO  com.netflix.discovery.DiscoveryClient             :940  [32m        [0;39m Unregistering ...
2020-08-29 20:58:51.517 INFO  com.netflix.discovery.DiscoveryClient             :942  [32m        [0;39m DiscoveryClient_FILE/192.168.1.2:file:9003 - deregister  status: 200
2020-08-29 20:58:51.521 INFO  com.netflix.discovery.DiscoveryClient             :929  [32m        [0;39m Completed shut down of DiscoveryClient
2020-08-29 20:58:51.796 INFO  o.s.c.s.PostProcessorRegistrationDelegate$BeanPostProcessorChecker:330  [32m        [0;39m Bean 'org.springframework.cloud.autoconfigure.ConfigurationPropertiesRebinderAutoConfiguration' of type [org.springframework.cloud.autoconfigure.ConfigurationPropertiesRebinderAutoConfiguration] is not eligible for getting processed by all BeanPostProcessors (for example: not eligible for auto-proxying)
2020-08-29 20:58:51.820 INFO  com.course.file.config.FileApplication            :651  [32m        [0;39m No active profile set, falling back to default profiles: default
2020-08-29 20:58:52.052 INFO  o.springframework.cloud.context.scope.GenericScope:295  [32m        [0;39m BeanFactory id=723634fa-419e-37ed-8db9-6e5091222f0b
2020-08-29 20:58:52.068 INFO  o.s.c.s.PostProcessorRegistrationDelegate$BeanPostProcessorChecker:330  [32m        [0;39m Bean 'org.springframework.transaction.annotation.ProxyTransactionManagementConfiguration' of type [org.springframework.transaction.annotation.ProxyTransactionManagementConfiguration] is not eligible for getting processed by all BeanPostProcessors (for example: not eligible for auto-proxying)
2020-08-29 20:58:52.075 INFO  o.s.c.s.PostProcessorRegistrationDelegate$BeanPostProcessorChecker:330  [32m        [0;39m Bean 'org.springframework.cloud.autoconfigure.ConfigurationPropertiesRebinderAutoConfiguration' of type [org.springframework.cloud.autoconfigure.ConfigurationPropertiesRebinderAutoConfiguration] is not eligible for getting processed by all BeanPostProcessors (for example: not eligible for auto-proxying)
2020-08-29 20:58:52.131 WARN  org.apache.tomcat.util.modeler.Registry           :173  [32m        [0;39m The MBean registry cannot be disabled because it has already been initialised
2020-08-29 20:58:52.156 INFO  o.s.boot.web.embedded.tomcat.TomcatWebServer      :92   [32m        [0;39m Tomcat initialized with port(s): 9003 (http)
2020-08-29 20:58:52.156 INFO  org.apache.coyote.http11.Http11NioProtocol        :173  [32m        [0;39m Initializing ProtocolHandler ["http-nio-9003"]
2020-08-29 20:58:52.156 INFO  org.apache.catalina.core.StandardService          :173  [32m        [0;39m Starting service [Tomcat]
2020-08-29 20:58:52.157 INFO  org.apache.catalina.core.StandardEngine           :173  [32m        [0;39m Starting Servlet engine: [Apache Tomcat/9.0.29]
2020-08-29 20:58:52.163 INFO  o.a.c.c.C.[Tomcat-1].[localhost].[/file]          :173  [32m        [0;39m Initializing Spring embedded WebApplicationContext
2020-08-29 20:58:52.164 INFO  org.springframework.web.context.ContextLoader     :284  [32m        [0;39m Root WebApplicationContext: initialization completed in 341 ms
2020-08-29 20:58:52.299 WARN  com.netflix.config.sources.URLConfigurationSource :121  [32m        [0;39m No URLs will be polled as dynamic configuration sources.
2020-08-29 20:58:52.299 INFO  com.netflix.config.sources.URLConfigurationSource :122  [32m        [0;39m To enable URLs as dynamic configuration sources, define System property archaius.configurationSource.additionalUrls or make config.properties available on classpath.
2020-08-29 20:58:52.394 INFO  o.s.scheduling.concurrent.ThreadPoolTaskExecutor  :171  [32m        [0;39m Initializing ExecutorService 'applicationTaskExecutor'
2020-08-29 20:58:52.556 WARN  o.s.b.d.autoconfigure.OptionalLiveReloadServer    :61   [32m        [0;39m Unable to start LiveReload server
2020-08-29 20:58:52.615 WARN  o.s.c.l.c.BlockingLoadBalancerClientAutoConfiguration$BlockingLoadBalancerClientRibbonWarnLogger:106  [32m        [0;39m You already have RibbonLoadBalancerClient on your classpath. It will be used by default. As Spring Cloud Ribbon is in maintenance mode. We recommend switching to BlockingLoadBalancerClient instead. In order to use it, set the value of `spring.cloud.loadbalancer.ribbon.enabled` to `false` or remove spring-cloud-starter-netflix-ribbon from your project.
2020-08-29 20:58:52.631 WARN  o.s.c.l.c.LoadBalancerCacheAutoConfiguration$LoadBalancerCaffeineWarnLogger:81   [32m        [0;39m Spring Cloud LoadBalancer is currently working with default default cache. You can switch to using Caffeine cache, by adding it to the classpath.
2020-08-29 20:58:52.647 INFO  o.s.cloud.netflix.eureka.InstanceInfoFactory      :72   [32m        [0;39m Setting initial instance status as: STARTING
2020-08-29 20:58:52.648 INFO  com.netflix.discovery.DiscoveryClient             :365  [32m        [0;39m Initializing Eureka in region us-east-1
2020-08-29 20:58:52.650 INFO  c.n.discovery.provider.DiscoveryJerseyProvider    :70   [32m        [0;39m Using JSON encoding codec LegacyJacksonJson
2020-08-29 20:58:52.650 INFO  c.n.discovery.provider.DiscoveryJerseyProvider    :71   [32m        [0;39m Using JSON decoding codec LegacyJacksonJson
2020-08-29 20:58:52.650 INFO  c.n.discovery.provider.DiscoveryJerseyProvider    :80   [32m        [0;39m Using XML encoding codec XStreamXml
2020-08-29 20:58:52.650 INFO  c.n.discovery.provider.DiscoveryJerseyProvider    :81   [32m        [0;39m Using XML decoding codec XStreamXml
2020-08-29 20:58:52.690 INFO  c.n.d.shared.resolver.aws.ConfigClusterResolver   :43   [32m        [0;39m Resolving eureka endpoints via configuration
2020-08-29 20:58:52.691 INFO  com.netflix.discovery.DiscoveryClient             :976  [32m        [0;39m Disable delta property : false
2020-08-29 20:58:52.691 INFO  com.netflix.discovery.DiscoveryClient             :977  [32m        [0;39m Single vip registry refresh property : null
2020-08-29 20:58:52.691 INFO  com.netflix.discovery.DiscoveryClient             :978  [32m        [0;39m Force full registry fetch : false
2020-08-29 20:58:52.691 INFO  com.netflix.discovery.DiscoveryClient             :979  [32m        [0;39m Application is null : false
2020-08-29 20:58:52.691 INFO  com.netflix.discovery.DiscoveryClient             :980  [32m        [0;39m Registered Applications size is zero : true
2020-08-29 20:58:52.691 INFO  com.netflix.discovery.DiscoveryClient             :982  [32m        [0;39m Application version is -1: true
2020-08-29 20:58:52.692 INFO  com.netflix.discovery.DiscoveryClient             :1065 [32m        [0;39m Getting all instance registry info from the eureka server
2020-08-29 20:58:52.694 INFO  com.netflix.discovery.DiscoveryClient             :1074 [32m        [0;39m The response status is 200
2020-08-29 20:58:52.694 INFO  com.netflix.discovery.DiscoveryClient             :1288 [32m        [0;39m Starting heartbeat executor: renew interval is: 30
2020-08-29 20:58:52.694 INFO  com.netflix.discovery.InstanceInfoReplicator      :60   [32m        [0;39m InstanceInfoReplicator onDemand update allowed rate per min is 4
2020-08-29 20:58:52.695 INFO  com.netflix.discovery.DiscoveryClient             :465  [32m        [0;39m Discovery Client initialized at timestamp 1598749132695 with initial instances count: 4
2020-08-29 20:58:52.700 INFO  o.s.c.n.e.serviceregistry.EurekaServiceRegistry   :41   [32m        [0;39m Registering application FILE with eureka with status UP
2020-08-29 20:58:52.700 INFO  com.netflix.discovery.DiscoveryClient             :1323 [32m        [0;39m Saw local status change event StatusChangeEvent [timestamp=1598749132700, current=UP, previous=STARTING]
2020-08-29 20:58:52.701 INFO  com.netflix.discovery.DiscoveryClient             :844  [32m        [0;39m DiscoveryClient_FILE/192.168.1.2:file:9003: registering service...
2020-08-29 20:58:52.705 INFO  com.netflix.discovery.DiscoveryClient             :853  [32m        [0;39m DiscoveryClient_FILE/192.168.1.2:file:9003 - registration status: 204
2020-08-29 20:58:52.706 INFO  org.apache.coyote.http11.Http11NioProtocol        :173  [32m        [0;39m Starting ProtocolHandler ["http-nio-9003"]
2020-08-29 20:58:52.707 INFO  o.s.boot.web.embedded.tomcat.TomcatWebServer      :204  [32m        [0;39m Tomcat started on port(s): 9003 (http) with context path '/file'
2020-08-29 20:58:52.708 INFO  o.s.c.n.e.s.EurekaAutoServiceRegistration         :145  [32m        [0;39m Updating port to 9003
2020-08-29 20:58:52.710 INFO  com.course.file.config.FileApplication            :61   [32m        [0;39m Started FileApplication in 0.96 seconds (JVM running for 2498.979)
2020-08-29 20:58:52.711 INFO  o.s.b.d.a.ConditionEvaluationDeltaLoggingListener :63   [32m        [0;39m Condition evaluation unchanged
2020-08-29 20:58:52.711 INFO  com.course.file.config.FileApplication            :23   [32m        [0;39m Start successfully！！
2020-08-29 20:58:52.711 INFO  com.course.file.config.FileApplication            :24   [32m        [0;39m File address: 	http://127.0.0.1:9003
2020-08-29 21:03:52.701 INFO  c.n.d.shared.resolver.aws.ConfigClusterResolver   :43   [32m        [0;39m Resolving eureka endpoints via configuration
2020-08-29 21:08:52.700 INFO  c.n.d.shared.resolver.aws.ConfigClusterResolver   :43   [32m        [0;39m Resolving eureka endpoints via configuration
2020-08-29 21:10:18.263 INFO  o.s.c.n.e.serviceregistry.EurekaServiceRegistry   :65   [32m        [0;39m Unregistering application FILE with eureka with status DOWN
2020-08-29 21:10:18.263 WARN  com.netflix.discovery.DiscoveryClient             :1321 [32m        [0;39m Saw local status change event StatusChangeEvent [timestamp=1598749818263, current=DOWN, previous=UP]
2020-08-29 21:10:18.264 INFO  com.netflix.discovery.DiscoveryClient             :844  [32m        [0;39m DiscoveryClient_FILE/192.168.1.2:file:9003: registering service...
2020-08-29 21:10:18.268 INFO  o.s.scheduling.concurrent.ThreadPoolTaskExecutor  :208  [32m        [0;39m Shutting down ExecutorService 'applicationTaskExecutor'
2020-08-29 21:10:18.269 INFO  com.netflix.discovery.DiscoveryClient             :906  [32m        [0;39m Shutting down DiscoveryClient ...
2020-08-29 21:10:18.270 INFO  com.netflix.discovery.DiscoveryClient             :853  [32m        [0;39m DiscoveryClient_FILE/192.168.1.2:file:9003 - registration status: 204
2020-08-29 21:10:18.271 INFO  com.netflix.discovery.DiscoveryClient             :940  [32m        [0;39m Unregistering ...
2020-08-29 21:10:18.274 INFO  com.netflix.discovery.DiscoveryClient             :942  [32m        [0;39m DiscoveryClient_FILE/192.168.1.2:file:9003 - deregister  status: 200
2020-08-29 21:10:18.277 INFO  com.netflix.discovery.DiscoveryClient             :929  [32m        [0;39m Completed shut down of DiscoveryClient
2020-08-29 21:10:18.720 INFO  o.s.c.s.PostProcessorRegistrationDelegate$BeanPostProcessorChecker:330  [32m        [0;39m Bean 'org.springframework.cloud.autoconfigure.ConfigurationPropertiesRebinderAutoConfiguration' of type [org.springframework.cloud.autoconfigure.ConfigurationPropertiesRebinderAutoConfiguration] is not eligible for getting processed by all BeanPostProcessors (for example: not eligible for auto-proxying)
2020-08-29 21:10:18.754 INFO  com.course.file.config.FileApplication            :651  [32m        [0;39m No active profile set, falling back to default profiles: default
2020-08-29 21:10:19.003 INFO  o.springframework.cloud.context.scope.GenericScope:295  [32m        [0;39m BeanFactory id=723634fa-419e-37ed-8db9-6e5091222f0b
2020-08-29 21:10:19.018 INFO  o.s.c.s.PostProcessorRegistrationDelegate$BeanPostProcessorChecker:330  [32m        [0;39m Bean 'org.springframework.transaction.annotation.ProxyTransactionManagementConfiguration' of type [org.springframework.transaction.annotation.ProxyTransactionManagementConfiguration] is not eligible for getting processed by all BeanPostProcessors (for example: not eligible for auto-proxying)
2020-08-29 21:10:19.024 INFO  o.s.c.s.PostProcessorRegistrationDelegate$BeanPostProcessorChecker:330  [32m        [0;39m Bean 'org.springframework.cloud.autoconfigure.ConfigurationPropertiesRebinderAutoConfiguration' of type [org.springframework.cloud.autoconfigure.ConfigurationPropertiesRebinderAutoConfiguration] is not eligible for getting processed by all BeanPostProcessors (for example: not eligible for auto-proxying)
2020-08-29 21:10:19.072 WARN  org.apache.tomcat.util.modeler.Registry           :173  [32m        [0;39m The MBean registry cannot be disabled because it has already been initialised
2020-08-29 21:10:19.100 INFO  o.s.boot.web.embedded.tomcat.TomcatWebServer      :92   [32m        [0;39m Tomcat initialized with port(s): 9003 (http)
2020-08-29 21:10:19.101 INFO  org.apache.coyote.http11.Http11NioProtocol        :173  [32m        [0;39m Initializing ProtocolHandler ["http-nio-9003"]
2020-08-29 21:10:19.101 INFO  org.apache.catalina.core.StandardService          :173  [32m        [0;39m Starting service [Tomcat]
2020-08-29 21:10:19.101 INFO  org.apache.catalina.core.StandardEngine           :173  [32m        [0;39m Starting Servlet engine: [Apache Tomcat/9.0.29]
2020-08-29 21:10:19.109 INFO  o.a.c.c.C.[Tomcat-1].[localhost].[/file]          :173  [32m        [0;39m Initializing Spring embedded WebApplicationContext
2020-08-29 21:10:19.109 INFO  org.springframework.web.context.ContextLoader     :284  [32m        [0;39m Root WebApplicationContext: initialization completed in 353 ms
2020-08-29 21:10:19.332 WARN  com.netflix.config.sources.URLConfigurationSource :121  [32m        [0;39m No URLs will be polled as dynamic configuration sources.
2020-08-29 21:10:19.333 INFO  com.netflix.config.sources.URLConfigurationSource :122  [32m        [0;39m To enable URLs as dynamic configuration sources, define System property archaius.configurationSource.additionalUrls or make config.properties available on classpath.
2020-08-29 21:10:19.573 INFO  o.s.scheduling.concurrent.ThreadPoolTaskExecutor  :171  [32m        [0;39m Initializing ExecutorService 'applicationTaskExecutor'
2020-08-29 21:10:19.831 WARN  o.s.b.d.autoconfigure.OptionalLiveReloadServer    :61   [32m        [0;39m Unable to start LiveReload server
2020-08-29 21:10:19.904 WARN  o.s.c.l.c.BlockingLoadBalancerClientAutoConfiguration$BlockingLoadBalancerClientRibbonWarnLogger:106  [32m        [0;39m You already have RibbonLoadBalancerClient on your classpath. It will be used by default. As Spring Cloud Ribbon is in maintenance mode. We recommend switching to BlockingLoadBalancerClient instead. In order to use it, set the value of `spring.cloud.loadbalancer.ribbon.enabled` to `false` or remove spring-cloud-starter-netflix-ribbon from your project.
2020-08-29 21:10:19.924 WARN  o.s.c.l.c.LoadBalancerCacheAutoConfiguration$LoadBalancerCaffeineWarnLogger:81   [32m        [0;39m Spring Cloud LoadBalancer is currently working with default default cache. You can switch to using Caffeine cache, by adding it to the classpath.
2020-08-29 21:10:19.947 INFO  o.s.cloud.netflix.eureka.InstanceInfoFactory      :72   [32m        [0;39m Setting initial instance status as: STARTING
2020-08-29 21:10:19.949 INFO  com.netflix.discovery.DiscoveryClient             :365  [32m        [0;39m Initializing Eureka in region us-east-1
2020-08-29 21:10:19.951 INFO  c.n.discovery.provider.DiscoveryJerseyProvider    :70   [32m        [0;39m Using JSON encoding codec LegacyJacksonJson
2020-08-29 21:10:19.951 INFO  c.n.discovery.provider.DiscoveryJerseyProvider    :71   [32m        [0;39m Using JSON decoding codec LegacyJacksonJson
2020-08-29 21:10:19.951 INFO  c.n.discovery.provider.DiscoveryJerseyProvider    :80   [32m        [0;39m Using XML encoding codec XStreamXml
2020-08-29 21:10:19.952 INFO  c.n.discovery.provider.DiscoveryJerseyProvider    :81   [32m        [0;39m Using XML decoding codec XStreamXml
2020-08-29 21:10:20.005 INFO  c.n.d.shared.resolver.aws.ConfigClusterResolver   :43   [32m        [0;39m Resolving eureka endpoints via configuration
2020-08-29 21:10:20.005 INFO  com.netflix.discovery.DiscoveryClient             :976  [32m        [0;39m Disable delta property : false
2020-08-29 21:10:20.006 INFO  com.netflix.discovery.DiscoveryClient             :977  [32m        [0;39m Single vip registry refresh property : null
2020-08-29 21:10:20.006 INFO  com.netflix.discovery.DiscoveryClient             :978  [32m        [0;39m Force full registry fetch : false
2020-08-29 21:10:20.006 INFO  com.netflix.discovery.DiscoveryClient             :979  [32m        [0;39m Application is null : false
2020-08-29 21:10:20.006 INFO  com.netflix.discovery.DiscoveryClient             :980  [32m        [0;39m Registered Applications size is zero : true
2020-08-29 21:10:20.006 INFO  com.netflix.discovery.DiscoveryClient             :982  [32m        [0;39m Application version is -1: true
2020-08-29 21:10:20.006 INFO  com.netflix.discovery.DiscoveryClient             :1065 [32m        [0;39m Getting all instance registry info from the eureka server
2020-08-29 21:10:20.009 INFO  com.netflix.discovery.DiscoveryClient             :1074 [32m        [0;39m The response status is 200
2020-08-29 21:10:20.010 INFO  com.netflix.discovery.DiscoveryClient             :1288 [32m        [0;39m Starting heartbeat executor: renew interval is: 30
2020-08-29 21:10:20.011 INFO  com.netflix.discovery.InstanceInfoReplicator      :60   [32m        [0;39m InstanceInfoReplicator onDemand update allowed rate per min is 4
2020-08-29 21:10:20.011 INFO  com.netflix.discovery.DiscoveryClient             :465  [32m        [0;39m Discovery Client initialized at timestamp 1598749820011 with initial instances count: 4
2020-08-29 21:10:20.016 INFO  o.s.c.n.e.serviceregistry.EurekaServiceRegistry   :41   [32m        [0;39m Registering application FILE with eureka with status UP
2020-08-29 21:10:20.016 INFO  com.netflix.discovery.DiscoveryClient             :1323 [32m        [0;39m Saw local status change event StatusChangeEvent [timestamp=1598749820016, current=UP, previous=STARTING]
2020-08-29 21:10:20.017 INFO  com.netflix.discovery.DiscoveryClient             :844  [32m        [0;39m DiscoveryClient_FILE/192.168.1.2:file:9003: registering service...
2020-08-29 21:10:20.021 INFO  com.netflix.discovery.DiscoveryClient             :853  [32m        [0;39m DiscoveryClient_FILE/192.168.1.2:file:9003 - registration status: 204
2020-08-29 21:10:20.023 INFO  org.apache.coyote.http11.Http11NioProtocol        :173  [32m        [0;39m Starting ProtocolHandler ["http-nio-9003"]
2020-08-29 21:10:20.024 INFO  o.s.boot.web.embedded.tomcat.TomcatWebServer      :204  [32m        [0;39m Tomcat started on port(s): 9003 (http) with context path '/file'
2020-08-29 21:10:20.025 INFO  o.s.c.n.e.s.EurekaAutoServiceRegistration         :145  [32m        [0;39m Updating port to 9003
2020-08-29 21:10:20.027 INFO  com.course.file.config.FileApplication            :61   [32m        [0;39m Started FileApplication in 1.36 seconds (JVM running for 3186.294)
2020-08-29 21:10:20.029 INFO  o.s.b.d.a.ConditionEvaluationDeltaLoggingListener :63   [32m        [0;39m Condition evaluation unchanged
2020-08-29 21:10:20.029 INFO  com.course.file.config.FileApplication            :23   [32m        [0;39m Start successfully！！
2020-08-29 21:10:20.030 INFO  com.course.file.config.FileApplication            :24   [32m        [0;39m File address: 	http://127.0.0.1:9003
2020-08-29 21:10:40.229 INFO  o.a.c.c.C.[Tomcat-1].[localhost].[/file]          :173  [32m        [0;39m Initializing Spring DispatcherServlet 'dispatcherServlet'
2020-08-29 21:10:40.230 INFO  org.springframework.web.servlet.DispatcherServlet :525  [32m        [0;39m Initializing Servlet 'dispatcherServlet'
2020-08-29 21:10:40.235 INFO  org.springframework.web.servlet.DispatcherServlet :547  [32m        [0;39m Completed initialization in 5 ms
2020-08-29 21:10:40.272 INFO  com.course.server.config.LogAspect                :76   [32mkyGOBKmp[0;39m ------------- 【file】查询开始 -------------
2020-08-29 21:10:40.272 INFO  com.course.server.config.LogAspect                :77   [32mkyGOBKmp[0;39m 请求地址: http://192.168.1.2:9003/file/admin/file/list POST
2020-08-29 21:10:40.272 INFO  com.course.server.config.LogAspect                :78   [32mkyGOBKmp[0;39m 类名方法: com.course.file.controller.admin.FileController.list
2020-08-29 21:10:40.272 INFO  com.course.server.config.LogAspect                :79   [32mkyGOBKmp[0;39m 远程地址: 192.168.1.2
2020-08-29 21:10:40.279 INFO  com.course.server.config.LogAspect                :97   [32mkyGOBKmp[0;39m 请求参数: [{"page":1,"size":5,"total":0}]
2020-08-29 21:10:40.281 INFO  com.course.file.controller.admin.FileController   :31   [32mkyGOBKmp[0;39m pageDto: 1
2020-08-29 21:10:40.314 INFO  com.zaxxer.hikari.HikariDataSource                :110  [32mkyGOBKmp[0;39m HikariPool-1 - Starting...
2020-08-29 21:10:40.488 INFO  com.zaxxer.hikari.HikariDataSource                :123  [32mkyGOBKmp[0;39m HikariPool-1 - Start completed.
2020-08-29 21:10:40.528 DEBUG c.c.server.mapper.FileMapper.selectByExample_COUNT:159  [32mkyGOBKmp[0;39m ==>  Preparing: SELECT count(0) FROM file 
2020-08-29 21:10:40.547 DEBUG c.c.server.mapper.FileMapper.selectByExample_COUNT:159  [32mkyGOBKmp[0;39m ==> Parameters: 
2020-08-29 21:10:40.559 TRACE c.c.server.mapper.FileMapper.selectByExample_COUNT:165  [32mkyGOBKmp[0;39m <==    Columns: count(0)
2020-08-29 21:10:40.560 TRACE c.c.server.mapper.FileMapper.selectByExample_COUNT:165  [32mkyGOBKmp[0;39m <==        Row: 0
2020-08-29 21:10:40.561 DEBUG c.c.server.mapper.FileMapper.selectByExample_COUNT:159  [32mkyGOBKmp[0;39m <==      Total: 1
2020-08-29 21:10:40.567 INFO  com.course.server.config.LogAspect                :109  [32mkyGOBKmp[0;39m 返回结果: {"content":{"list":[],"page":1,"size":5,"total":0},"success":true}
2020-08-29 21:10:40.567 INFO  com.course.server.config.LogAspect                :110  [32mkyGOBKmp[0;39m ------------- 结束 耗时：298 ms -------------
2020-08-29 21:11:00.431 INFO  com.course.server.config.LogAspect                :76   [32mRjamrMrr[0;39m ------------- 【file】保存开始 -------------
2020-08-29 21:11:00.431 INFO  com.course.server.config.LogAspect                :77   [32mRjamrMrr[0;39m 请求地址: http://192.168.1.2:9003/file/admin/file/save POST
2020-08-29 21:11:00.431 INFO  com.course.server.config.LogAspect                :78   [32mRjamrMrr[0;39m 类名方法: com.course.file.controller.admin.FileController.save
2020-08-29 21:11:00.432 INFO  com.course.server.config.LogAspect                :79   [32mRjamrMrr[0;39m 远程地址: 192.168.1.2
2020-08-29 21:11:00.432 INFO  com.course.server.config.LogAspect                :97   [32mRjamrMrr[0;39m 请求参数: [{"path":"test","use":"C"}]
2020-08-29 21:11:00.438 DEBUG com.course.server.mapper.FileMapper.insert        :159  [32mRjamrMrr[0;39m ==>  Preparing: insert into file (id, `path`, `name`, suffix, `size`, `use`, created_at, updated_at) values (?, ?, ?, ?, ?, ?, ?, ?) 
2020-08-29 21:11:00.439 DEBUG com.course.server.mapper.FileMapper.insert        :159  [32mRjamrMrr[0;39m ==> Parameters: CmQXKgG0(String), test(String), null, null, null, C(String), 2020-08-29 21:11:00.437(Timestamp), 2020-08-29 21:11:00.437(Timestamp)
2020-08-29 21:11:00.443 DEBUG com.course.server.mapper.FileMapper.insert        :159  [32mRjamrMrr[0;39m <==    Updates: 1
2020-08-29 21:11:00.443 INFO  com.course.server.config.LogAspect                :109  [32mRjamrMrr[0;39m 返回结果: {"content":{"path":"test","use":"C"},"success":true}
2020-08-29 21:11:00.443 INFO  com.course.server.config.LogAspect                :110  [32mRjamrMrr[0;39m ------------- 结束 耗时：12 ms -------------
2020-08-29 21:11:00.471 INFO  com.course.server.config.LogAspect                :76   [32mKXdxhgJg[0;39m ------------- 【file】查询开始 -------------
2020-08-29 21:11:00.471 INFO  com.course.server.config.LogAspect                :77   [32mKXdxhgJg[0;39m 请求地址: http://192.168.1.2:9003/file/admin/file/list POST
2020-08-29 21:11:00.471 INFO  com.course.server.config.LogAspect                :78   [32mKXdxhgJg[0;39m 类名方法: com.course.file.controller.admin.FileController.list
2020-08-29 21:11:00.471 INFO  com.course.server.config.LogAspect                :79   [32mKXdxhgJg[0;39m 远程地址: 192.168.1.2
2020-08-29 21:11:00.471 INFO  com.course.server.config.LogAspect                :97   [32mKXdxhgJg[0;39m 请求参数: [{"page":1,"size":5,"total":0}]
2020-08-29 21:11:00.472 INFO  com.course.file.controller.admin.FileController   :31   [32mKXdxhgJg[0;39m pageDto: 1
2020-08-29 21:11:00.473 DEBUG c.c.server.mapper.FileMapper.selectByExample_COUNT:159  [32mKXdxhgJg[0;39m ==>  Preparing: SELECT count(0) FROM file 
2020-08-29 21:11:00.473 DEBUG c.c.server.mapper.FileMapper.selectByExample_COUNT:159  [32mKXdxhgJg[0;39m ==> Parameters: 
2020-08-29 21:11:00.474 TRACE c.c.server.mapper.FileMapper.selectByExample_COUNT:165  [32mKXdxhgJg[0;39m <==    Columns: count(0)
2020-08-29 21:11:00.474 TRACE c.c.server.mapper.FileMapper.selectByExample_COUNT:165  [32mKXdxhgJg[0;39m <==        Row: 1
2020-08-29 21:11:00.474 DEBUG c.c.server.mapper.FileMapper.selectByExample_COUNT:159  [32mKXdxhgJg[0;39m <==      Total: 1
2020-08-29 21:11:00.476 DEBUG c.course.server.mapper.FileMapper.selectByExample :159  [32mKXdxhgJg[0;39m ==>  Preparing: select id, `path`, `name`, suffix, `size`, `use`, created_at, updated_at from file LIMIT ? 
2020-08-29 21:11:00.476 DEBUG c.course.server.mapper.FileMapper.selectByExample :159  [32mKXdxhgJg[0;39m ==> Parameters: 5(Integer)
2020-08-29 21:11:00.477 TRACE c.course.server.mapper.FileMapper.selectByExample :165  [32mKXdxhgJg[0;39m <==    Columns: id, path, name, suffix, size, use, created_at, updated_at
2020-08-29 21:11:00.478 TRACE c.course.server.mapper.FileMapper.selectByExample :165  [32mKXdxhgJg[0;39m <==        Row: CmQXKgG0, test, null, null, null, C, 2020-08-29 21:11:00.437, 2020-08-29 21:11:00.437
2020-08-29 21:11:00.478 DEBUG c.course.server.mapper.FileMapper.selectByExample :159  [32mKXdxhgJg[0;39m <==      Total: 1
2020-08-29 21:11:00.479 INFO  com.course.server.config.LogAspect                :109  [32mKXdxhgJg[0;39m 返回结果: {"content":{"list":[{"createdAt":1598749860437,"id":"CmQXKgG0","path":"test","updatedAt":1598749860437,"use":"C"}],"page":1,"size":5,"total":1},"success":true}
2020-08-29 21:11:00.480 INFO  com.course.server.config.LogAspect                :110  [32mKXdxhgJg[0;39m ------------- 结束 耗时：10 ms -------------
2020-08-29 21:11:04.012 INFO  com.course.server.config.LogAspect                :76   [32msaKiUqvR[0;39m ------------- 【file】删除开始 -------------
2020-08-29 21:11:04.012 INFO  com.course.server.config.LogAspect                :77   [32msaKiUqvR[0;39m 请求地址: http://192.168.1.2:9003/file/admin/file/delete/CmQXKgG0 DELETE
2020-08-29 21:11:04.013 INFO  com.course.server.config.LogAspect                :78   [32msaKiUqvR[0;39m 类名方法: com.course.file.controller.admin.FileController.delete
2020-08-29 21:11:04.013 INFO  com.course.server.config.LogAspect                :79   [32msaKiUqvR[0;39m 远程地址: 192.168.1.2
2020-08-29 21:11:04.013 INFO  com.course.server.config.LogAspect                :97   [32msaKiUqvR[0;39m 请求参数: ["CmQXKgG0"]
2020-08-29 21:11:04.014 DEBUG c.c.server.mapper.FileMapper.deleteByPrimaryKey   :159  [32msaKiUqvR[0;39m ==>  Preparing: delete from file where id = ? 
2020-08-29 21:11:04.015 DEBUG c.c.server.mapper.FileMapper.deleteByPrimaryKey   :159  [32msaKiUqvR[0;39m ==> Parameters: CmQXKgG0(String)
2020-08-29 21:11:04.018 DEBUG c.c.server.mapper.FileMapper.deleteByPrimaryKey   :159  [32msaKiUqvR[0;39m <==    Updates: 1
2020-08-29 21:11:04.018 INFO  com.course.server.config.LogAspect                :109  [32msaKiUqvR[0;39m 返回结果: {"success":true}
2020-08-29 21:11:04.018 INFO  com.course.server.config.LogAspect                :110  [32msaKiUqvR[0;39m ------------- 结束 耗时：6 ms -------------
2020-08-29 21:11:04.042 INFO  com.course.server.config.LogAspect                :76   [32mLVXqQhjx[0;39m ------------- 【file】查询开始 -------------
2020-08-29 21:11:04.042 INFO  com.course.server.config.LogAspect                :77   [32mLVXqQhjx[0;39m 请求地址: http://192.168.1.2:9003/file/admin/file/list POST
2020-08-29 21:11:04.042 INFO  com.course.server.config.LogAspect                :78   [32mLVXqQhjx[0;39m 类名方法: com.course.file.controller.admin.FileController.list
2020-08-29 21:11:04.042 INFO  com.course.server.config.LogAspect                :79   [32mLVXqQhjx[0;39m 远程地址: 192.168.1.2
2020-08-29 21:11:04.042 INFO  com.course.server.config.LogAspect                :97   [32mLVXqQhjx[0;39m 请求参数: [{"page":1,"size":5,"total":0}]
2020-08-29 21:11:04.043 INFO  com.course.file.controller.admin.FileController   :31   [32mLVXqQhjx[0;39m pageDto: 1
2020-08-29 21:11:04.044 DEBUG c.c.server.mapper.FileMapper.selectByExample_COUNT:159  [32mLVXqQhjx[0;39m ==>  Preparing: SELECT count(0) FROM file 
2020-08-29 21:11:04.044 DEBUG c.c.server.mapper.FileMapper.selectByExample_COUNT:159  [32mLVXqQhjx[0;39m ==> Parameters: 
2020-08-29 21:11:04.045 TRACE c.c.server.mapper.FileMapper.selectByExample_COUNT:165  [32mLVXqQhjx[0;39m <==    Columns: count(0)
2020-08-29 21:11:04.045 TRACE c.c.server.mapper.FileMapper.selectByExample_COUNT:165  [32mLVXqQhjx[0;39m <==        Row: 0
2020-08-29 21:11:04.046 DEBUG c.c.server.mapper.FileMapper.selectByExample_COUNT:159  [32mLVXqQhjx[0;39m <==      Total: 1
2020-08-29 21:11:04.046 INFO  com.course.server.config.LogAspect                :109  [32mLVXqQhjx[0;39m 返回结果: {"content":{"list":[],"page":1,"size":5,"total":0},"success":true}
2020-08-29 21:11:04.046 INFO  com.course.server.config.LogAspect                :110  [32mLVXqQhjx[0;39m ------------- 结束 耗时：4 ms -------------
