2020-08-03 00:04:50.827 INFO  c.n.d.shared.resolver.aws.ConfigClusterResolver   :43   [32m        [0;39m Resolving eureka endpoints via configuration
2020-08-03 00:09:50.874 INFO  c.n.d.shared.resolver.aws.ConfigClusterResolver   :43   [32m        [0;39m Resolving eureka endpoints via configuration
2020-08-03 00:14:50.891 INFO  c.n.d.shared.resolver.aws.ConfigClusterResolver   :43   [32m        [0;39m Resolving eureka endpoints via configuration
2020-08-03 00:19:50.878 INFO  c.n.d.shared.resolver.aws.ConfigClusterResolver   :43   [32m        [0;39m Resolving eureka endpoints via configuration
2020-08-03 00:24:50.893 INFO  c.n.d.shared.resolver.aws.ConfigClusterResolver   :43   [32m        [0;39m Resolving eureka endpoints via configuration
2020-08-03 00:29:50.906 INFO  c.n.d.shared.resolver.aws.ConfigClusterResolver   :43   [32m        [0;39m Resolving eureka endpoints via configuration
2020-08-03 00:34:50.921 INFO  c.n.d.shared.resolver.aws.ConfigClusterResolver   :43   [32m        [0;39m Resolving eureka endpoints via configuration
2020-08-03 00:39:50.911 INFO  c.n.d.shared.resolver.aws.ConfigClusterResolver   :43   [32m        [0;39m Resolving eureka endpoints via configuration
2020-08-03 01:21:53.348 WARN  com.zaxxer.hikari.pool.HikariPool                 :787  [32m        [0;39m HikariPool-4 - Thread starvation or clock leap detected (housekeeper delta=39m43s191ms).
2020-08-03 01:49:25.545 WARN  com.zaxxer.hikari.pool.HikariPool                 :787  [32m        [0;39m HikariPool-4 - Thread starvation or clock leap detected (housekeeper delta=27m2s189ms).
2020-08-03 02:28:13.854 WARN  com.zaxxer.hikari.pool.HikariPool                 :787  [32m        [0;39m HikariPool-4 - Thread starvation or clock leap detected (housekeeper delta=38m18s277ms).
2020-08-03 02:28:24.573 INFO  c.n.d.shared.resolver.aws.ConfigClusterResolver   :43   [32m        [0;39m Resolving eureka endpoints via configuration
2020-08-03 04:29:11.329 WARN  com.zaxxer.hikari.pool.HikariPool                 :787  [32m        [0;39m HikariPool-4 - Thread starvation or clock leap detected (housekeeper delta=2h27s468ms).
2020-08-03 06:31:40.314 WARN  com.zaxxer.hikari.pool.HikariPool                 :787  [32m        [0;39m HikariPool-4 - Thread starvation or clock leap detected (housekeeper delta=2h28s975ms).
2020-08-03 06:33:21.018 INFO  c.n.d.shared.resolver.aws.ConfigClusterResolver   :43   [32m        [0;39m Resolving eureka endpoints via configuration
2020-08-03 08:15:01.798 WARN  com.zaxxer.hikari.pool.HikariPool                 :787  [32m        [0;39m HikariPool-4 - Thread starvation or clock leap detected (housekeeper delta=1h38m50s633ms).
2020-08-03 08:16:41.425 INFO  c.n.d.shared.resolver.aws.ConfigClusterResolver   :43   [32m        [0;39m Resolving eureka endpoints via configuration
2020-08-03 08:21:41.442 INFO  c.n.d.shared.resolver.aws.ConfigClusterResolver   :43   [32m        [0;39m Resolving eureka endpoints via configuration
2020-08-03 08:26:41.460 INFO  c.n.d.shared.resolver.aws.ConfigClusterResolver   :43   [32m        [0;39m Resolving eureka endpoints via configuration
2020-08-03 08:31:41.480 INFO  c.n.d.shared.resolver.aws.ConfigClusterResolver   :43   [32m        [0;39m Resolving eureka endpoints via configuration
2020-08-03 08:36:41.496 INFO  c.n.d.shared.resolver.aws.ConfigClusterResolver   :43   [32m        [0;39m Resolving eureka endpoints via configuration
2020-08-03 08:41:41.485 INFO  c.n.d.shared.resolver.aws.ConfigClusterResolver   :43   [32m        [0;39m Resolving eureka endpoints via configuration
2020-08-03 08:46:41.497 INFO  c.n.d.shared.resolver.aws.ConfigClusterResolver   :43   [32m        [0;39m Resolving eureka endpoints via configuration
2020-08-03 08:51:41.514 INFO  c.n.d.shared.resolver.aws.ConfigClusterResolver   :43   [32m        [0;39m Resolving eureka endpoints via configuration
2020-08-03 08:56:41.524 INFO  c.n.d.shared.resolver.aws.ConfigClusterResolver   :43   [32m        [0;39m Resolving eureka endpoints via configuration
2020-08-03 09:01:41.536 INFO  c.n.d.shared.resolver.aws.ConfigClusterResolver   :43   [32m        [0;39m Resolving eureka endpoints via configuration
2020-08-03 09:06:41.547 INFO  c.n.d.shared.resolver.aws.ConfigClusterResolver   :43   [32m        [0;39m Resolving eureka endpoints via configuration
2020-08-03 09:11:41.521 INFO  c.n.d.shared.resolver.aws.ConfigClusterResolver   :43   [32m        [0;39m Resolving eureka endpoints via configuration
2020-08-03 09:16:41.536 INFO  c.n.d.shared.resolver.aws.ConfigClusterResolver   :43   [32m        [0;39m Resolving eureka endpoints via configuration
2020-08-03 09:21:41.550 INFO  c.n.d.shared.resolver.aws.ConfigClusterResolver   :43   [32m        [0;39m Resolving eureka endpoints via configuration
2020-08-03 09:26:41.565 INFO  c.n.d.shared.resolver.aws.ConfigClusterResolver   :43   [32m        [0;39m Resolving eureka endpoints via configuration
2020-08-03 09:31:41.556 INFO  c.n.d.shared.resolver.aws.ConfigClusterResolver   :43   [32m        [0;39m Resolving eureka endpoints via configuration
2020-08-03 09:36:41.570 INFO  c.n.d.shared.resolver.aws.ConfigClusterResolver   :43   [32m        [0;39m Resolving eureka endpoints via configuration
2020-08-03 09:41:41.583 INFO  c.n.d.shared.resolver.aws.ConfigClusterResolver   :43   [32m        [0;39m Resolving eureka endpoints via configuration
2020-08-03 09:46:41.581 INFO  c.n.d.shared.resolver.aws.ConfigClusterResolver   :43   [32m        [0;39m Resolving eureka endpoints via configuration
2020-08-03 09:51:41.594 INFO  c.n.d.shared.resolver.aws.ConfigClusterResolver   :43   [32m        [0;39m Resolving eureka endpoints via configuration
2020-08-03 09:56:41.608 INFO  c.n.d.shared.resolver.aws.ConfigClusterResolver   :43   [32m        [0;39m Resolving eureka endpoints via configuration
2020-08-03 10:01:41.623 INFO  c.n.d.shared.resolver.aws.ConfigClusterResolver   :43   [32m        [0;39m Resolving eureka endpoints via configuration
2020-08-03 10:06:41.616 INFO  c.n.d.shared.resolver.aws.ConfigClusterResolver   :43   [32m        [0;39m Resolving eureka endpoints via configuration
2020-08-03 10:11:41.629 INFO  c.n.d.shared.resolver.aws.ConfigClusterResolver   :43   [32m        [0;39m Resolving eureka endpoints via configuration
2020-08-03 10:16:41.644 INFO  c.n.d.shared.resolver.aws.ConfigClusterResolver   :43   [32m        [0;39m Resolving eureka endpoints via configuration
2020-08-03 10:21:41.655 INFO  c.n.d.shared.resolver.aws.ConfigClusterResolver   :43   [32m        [0;39m Resolving eureka endpoints via configuration
2020-08-03 10:26:41.647 INFO  c.n.d.shared.resolver.aws.ConfigClusterResolver   :43   [32m        [0;39m Resolving eureka endpoints via configuration
2020-08-03 10:31:41.662 INFO  c.n.d.shared.resolver.aws.ConfigClusterResolver   :43   [32m        [0;39m Resolving eureka endpoints via configuration
2020-08-03 10:36:41.674 INFO  c.n.d.shared.resolver.aws.ConfigClusterResolver   :43   [32m        [0;39m Resolving eureka endpoints via configuration
2020-08-03 10:41:41.667 INFO  c.n.d.shared.resolver.aws.ConfigClusterResolver   :43   [32m        [0;39m Resolving eureka endpoints via configuration
2020-08-03 10:46:41.681 INFO  c.n.d.shared.resolver.aws.ConfigClusterResolver   :43   [32m        [0;39m Resolving eureka endpoints via configuration
2020-08-03 10:48:22.647 DEBUG c.c.server.mapper.ChapterMapper.selectByExample   :159  [32m        [0;39m ==>  Preparing: select id, course_id, name from chapter 
2020-08-03 10:48:22.662 DEBUG c.c.server.mapper.ChapterMapper.selectByExample   :159  [32m        [0;39m ==> Parameters: 
2020-08-03 10:48:22.669 TRACE c.c.server.mapper.ChapterMapper.selectByExample   :165  [32m        [0;39m <==    Columns: id, course_id, name
2020-08-03 10:48:22.671 TRACE c.c.server.mapper.ChapterMapper.selectByExample   :165  [32m        [0;39m <==        Row: 00000000, 00000000, test chapter 1
2020-08-03 10:48:22.673 TRACE c.c.server.mapper.ChapterMapper.selectByExample   :165  [32m        [0;39m <==        Row: 00000001, 00000000, test chapter 2
2020-08-03 10:48:22.673 DEBUG c.c.server.mapper.ChapterMapper.selectByExample   :159  [32m        [0;39m <==      Total: 2
2020-08-03 10:48:28.615 DEBUG c.c.server.mapper.ChapterMapper.selectByExample   :159  [32m        [0;39m ==>  Preparing: select id, course_id, name from chapter 
2020-08-03 10:48:28.615 DEBUG c.c.server.mapper.ChapterMapper.selectByExample   :159  [32m        [0;39m ==> Parameters: 
2020-08-03 10:48:28.616 TRACE c.c.server.mapper.ChapterMapper.selectByExample   :165  [32m        [0;39m <==    Columns: id, course_id, name
2020-08-03 10:48:28.616 TRACE c.c.server.mapper.ChapterMapper.selectByExample   :165  [32m        [0;39m <==        Row: 00000000, 00000000, test chapter 1
2020-08-03 10:48:28.617 TRACE c.c.server.mapper.ChapterMapper.selectByExample   :165  [32m        [0;39m <==        Row: 00000001, 00000000, test chapter 2
2020-08-03 10:48:28.617 DEBUG c.c.server.mapper.ChapterMapper.selectByExample   :159  [32m        [0;39m <==      Total: 2
2020-08-03 10:51:38.311 DEBUG c.c.server.mapper.ChapterMapper.selectByExample   :159  [32m        [0;39m ==>  Preparing: select id, course_id, name from chapter 
2020-08-03 10:51:38.311 DEBUG c.c.server.mapper.ChapterMapper.selectByExample   :159  [32m        [0;39m ==> Parameters: 
2020-08-03 10:51:38.312 TRACE c.c.server.mapper.ChapterMapper.selectByExample   :165  [32m        [0;39m <==    Columns: id, course_id, name
2020-08-03 10:51:38.312 TRACE c.c.server.mapper.ChapterMapper.selectByExample   :165  [32m        [0;39m <==        Row: 00000000, 00000000, test chapter 1
2020-08-03 10:51:38.312 TRACE c.c.server.mapper.ChapterMapper.selectByExample   :165  [32m        [0;39m <==        Row: 00000001, 00000000, test chapter 2
2020-08-03 10:51:38.313 DEBUG c.c.server.mapper.ChapterMapper.selectByExample   :159  [32m        [0;39m <==      Total: 2
2020-08-03 10:51:41.694 INFO  c.n.d.shared.resolver.aws.ConfigClusterResolver   :43   [32m        [0;39m Resolving eureka endpoints via configuration
2020-08-03 10:52:43.329 DEBUG c.c.server.mapper.ChapterMapper.selectByExample   :159  [32m        [0;39m ==>  Preparing: select id, course_id, name from chapter 
2020-08-03 10:52:43.361 DEBUG c.c.server.mapper.ChapterMapper.selectByExample   :159  [32m        [0;39m ==> Parameters: 
2020-08-03 10:52:43.371 TRACE c.c.server.mapper.ChapterMapper.selectByExample   :165  [32m        [0;39m <==    Columns: id, course_id, name
2020-08-03 10:52:43.372 TRACE c.c.server.mapper.ChapterMapper.selectByExample   :165  [32m        [0;39m <==        Row: 00000000, 00000000, test chapter 1
2020-08-03 10:52:43.373 TRACE c.c.server.mapper.ChapterMapper.selectByExample   :165  [32m        [0;39m <==        Row: 00000001, 00000000, test chapter 2
2020-08-03 10:52:43.373 DEBUG c.c.server.mapper.ChapterMapper.selectByExample   :159  [32m        [0;39m <==      Total: 2
2020-08-03 10:52:48.830 DEBUG c.c.server.mapper.ChapterMapper.selectByExample   :159  [32m        [0;39m ==>  Preparing: select id, course_id, name from chapter 
2020-08-03 10:52:48.831 DEBUG c.c.server.mapper.ChapterMapper.selectByExample   :159  [32m        [0;39m ==> Parameters: 
2020-08-03 10:52:48.832 TRACE c.c.server.mapper.ChapterMapper.selectByExample   :165  [32m        [0;39m <==    Columns: id, course_id, name
2020-08-03 10:52:48.832 TRACE c.c.server.mapper.ChapterMapper.selectByExample   :165  [32m        [0;39m <==        Row: 00000000, 00000000, test chapter 1
2020-08-03 10:52:48.833 TRACE c.c.server.mapper.ChapterMapper.selectByExample   :165  [32m        [0;39m <==        Row: 00000001, 00000000, test chapter 2
2020-08-03 10:52:48.833 DEBUG c.c.server.mapper.ChapterMapper.selectByExample   :159  [32m        [0;39m <==      Total: 2
2020-08-03 10:52:57.427 DEBUG c.c.server.mapper.ChapterMapper.selectByExample   :159  [32m        [0;39m ==>  Preparing: select id, course_id, name from chapter 
2020-08-03 10:52:57.429 DEBUG c.c.server.mapper.ChapterMapper.selectByExample   :159  [32m        [0;39m ==> Parameters: 
2020-08-03 10:52:57.433 TRACE c.c.server.mapper.ChapterMapper.selectByExample   :165  [32m        [0;39m <==    Columns: id, course_id, name
2020-08-03 10:52:57.434 TRACE c.c.server.mapper.ChapterMapper.selectByExample   :165  [32m        [0;39m <==        Row: 00000000, 00000000, test chapter 1
2020-08-03 10:52:57.435 TRACE c.c.server.mapper.ChapterMapper.selectByExample   :165  [32m        [0;39m <==        Row: 00000001, 00000000, test chapter 2
2020-08-03 10:52:57.444 DEBUG c.c.server.mapper.ChapterMapper.selectByExample   :159  [32m        [0;39m <==      Total: 2
2020-08-03 10:53:19.550 DEBUG c.c.server.mapper.ChapterMapper.selectByExample   :159  [32m        [0;39m ==>  Preparing: select id, course_id, name from chapter 
2020-08-03 10:53:19.553 DEBUG c.c.server.mapper.ChapterMapper.selectByExample   :159  [32m        [0;39m ==> Parameters: 
2020-08-03 10:53:19.555 TRACE c.c.server.mapper.ChapterMapper.selectByExample   :165  [32m        [0;39m <==    Columns: id, course_id, name
2020-08-03 10:53:19.557 TRACE c.c.server.mapper.ChapterMapper.selectByExample   :165  [32m        [0;39m <==        Row: 00000000, 00000000, test chapter 1
2020-08-03 10:53:19.559 TRACE c.c.server.mapper.ChapterMapper.selectByExample   :165  [32m        [0;39m <==        Row: 00000001, 00000000, test chapter 2
2020-08-03 10:53:19.560 DEBUG c.c.server.mapper.ChapterMapper.selectByExample   :159  [32m        [0;39m <==      Total: 2
2020-08-03 10:53:53.645 DEBUG c.c.server.mapper.ChapterMapper.selectByExample   :159  [32m        [0;39m ==>  Preparing: select id, course_id, name from chapter 
2020-08-03 10:53:53.646 DEBUG c.c.server.mapper.ChapterMapper.selectByExample   :159  [32m        [0;39m ==> Parameters: 
2020-08-03 10:53:53.647 TRACE c.c.server.mapper.ChapterMapper.selectByExample   :165  [32m        [0;39m <==    Columns: id, course_id, name
2020-08-03 10:53:53.649 TRACE c.c.server.mapper.ChapterMapper.selectByExample   :165  [32m        [0;39m <==        Row: 00000000, 00000000, test chapter 1
2020-08-03 10:53:53.651 TRACE c.c.server.mapper.ChapterMapper.selectByExample   :165  [32m        [0;39m <==        Row: 00000001, 00000000, test chapter 2
2020-08-03 10:53:53.656 DEBUG c.c.server.mapper.ChapterMapper.selectByExample   :159  [32m        [0;39m <==      Total: 2
2020-08-03 10:54:29.919 DEBUG c.c.server.mapper.ChapterMapper.selectByExample   :159  [32m        [0;39m ==>  Preparing: select id, course_id, name from chapter 
2020-08-03 10:54:29.920 DEBUG c.c.server.mapper.ChapterMapper.selectByExample   :159  [32m        [0;39m ==> Parameters: 
2020-08-03 10:54:29.921 TRACE c.c.server.mapper.ChapterMapper.selectByExample   :165  [32m        [0;39m <==    Columns: id, course_id, name
2020-08-03 10:54:29.921 TRACE c.c.server.mapper.ChapterMapper.selectByExample   :165  [32m        [0;39m <==        Row: 00000000, 00000000, test chapter 1
2020-08-03 10:54:29.921 TRACE c.c.server.mapper.ChapterMapper.selectByExample   :165  [32m        [0;39m <==        Row: 00000001, 00000000, test chapter 2
2020-08-03 10:54:29.922 DEBUG c.c.server.mapper.ChapterMapper.selectByExample   :159  [32m        [0;39m <==      Total: 2
2020-08-03 10:55:08.684 DEBUG c.c.server.mapper.ChapterMapper.selectByExample   :159  [32m        [0;39m ==>  Preparing: select id, course_id, name from chapter 
2020-08-03 10:55:08.688 DEBUG c.c.server.mapper.ChapterMapper.selectByExample   :159  [32m        [0;39m ==> Parameters: 
2020-08-03 10:55:08.692 TRACE c.c.server.mapper.ChapterMapper.selectByExample   :165  [32m        [0;39m <==    Columns: id, course_id, name
2020-08-03 10:55:08.693 TRACE c.c.server.mapper.ChapterMapper.selectByExample   :165  [32m        [0;39m <==        Row: 00000000, 00000000, test chapter 1
2020-08-03 10:55:08.693 TRACE c.c.server.mapper.ChapterMapper.selectByExample   :165  [32m        [0;39m <==        Row: 00000001, 00000000, test chapter 2
2020-08-03 10:55:08.694 DEBUG c.c.server.mapper.ChapterMapper.selectByExample   :159  [32m        [0;39m <==      Total: 2
2020-08-03 10:56:41.704 INFO  c.n.d.shared.resolver.aws.ConfigClusterResolver   :43   [32m        [0;39m Resolving eureka endpoints via configuration
2020-08-03 10:57:06.888 DEBUG c.c.server.mapper.ChapterMapper.selectByExample   :159  [32m        [0;39m ==>  Preparing: select id, course_id, name from chapter 
2020-08-03 10:57:06.889 DEBUG c.c.server.mapper.ChapterMapper.selectByExample   :159  [32m        [0;39m ==> Parameters: 
2020-08-03 10:57:06.891 TRACE c.c.server.mapper.ChapterMapper.selectByExample   :165  [32m        [0;39m <==    Columns: id, course_id, name
2020-08-03 10:57:06.891 TRACE c.c.server.mapper.ChapterMapper.selectByExample   :165  [32m        [0;39m <==        Row: 00000000, 00000000, test chapter 1
2020-08-03 10:57:06.892 TRACE c.c.server.mapper.ChapterMapper.selectByExample   :165  [32m        [0;39m <==        Row: 00000001, 00000000, test chapter 2
2020-08-03 10:57:06.892 DEBUG c.c.server.mapper.ChapterMapper.selectByExample   :159  [32m        [0;39m <==      Total: 2
2020-08-03 10:58:03.713 DEBUG c.c.server.mapper.ChapterMapper.selectByExample   :159  [32m        [0;39m ==>  Preparing: select id, course_id, name from chapter 
2020-08-03 10:58:03.715 DEBUG c.c.server.mapper.ChapterMapper.selectByExample   :159  [32m        [0;39m ==> Parameters: 
2020-08-03 10:58:03.716 TRACE c.c.server.mapper.ChapterMapper.selectByExample   :165  [32m        [0;39m <==    Columns: id, course_id, name
2020-08-03 10:58:03.716 TRACE c.c.server.mapper.ChapterMapper.selectByExample   :165  [32m        [0;39m <==        Row: 00000000, 00000000, test chapter 1
2020-08-03 10:58:03.717 TRACE c.c.server.mapper.ChapterMapper.selectByExample   :165  [32m        [0;39m <==        Row: 00000001, 00000000, test chapter 2
2020-08-03 10:58:03.717 DEBUG c.c.server.mapper.ChapterMapper.selectByExample   :159  [32m        [0;39m <==      Total: 2
2020-08-03 10:58:10.905 DEBUG c.c.server.mapper.ChapterMapper.selectByExample   :159  [32m        [0;39m ==>  Preparing: select id, course_id, name from chapter 
2020-08-03 10:58:10.907 DEBUG c.c.server.mapper.ChapterMapper.selectByExample   :159  [32m        [0;39m ==> Parameters: 
2020-08-03 10:58:10.910 TRACE c.c.server.mapper.ChapterMapper.selectByExample   :165  [32m        [0;39m <==    Columns: id, course_id, name
2020-08-03 10:58:10.911 TRACE c.c.server.mapper.ChapterMapper.selectByExample   :165  [32m        [0;39m <==        Row: 00000000, 00000000, test chapter 1
2020-08-03 10:58:10.912 TRACE c.c.server.mapper.ChapterMapper.selectByExample   :165  [32m        [0;39m <==        Row: 00000001, 00000000, test chapter 2
2020-08-03 10:58:10.912 DEBUG c.c.server.mapper.ChapterMapper.selectByExample   :159  [32m        [0;39m <==      Total: 2
