2020-08-08 00:02:47.847 INFO  c.n.d.shared.resolver.aws.ConfigClusterResolver   :43   [32m        [0;39m Resolving eureka endpoints via configuration
2020-08-08 00:35:20.457 WARN  com.zaxxer.hikari.pool.HikariPool                 :787  [32m        [0;39m HikariPool-9 - Thread starvation or clock leap detected (housekeeper delta=32m27s256ms).
2020-08-08 01:15:36.583 WARN  com.zaxxer.hikari.pool.HikariPool                 :787  [32m        [0;39m HikariPool-9 - Thread starvation or clock leap detected (housekeeper delta=39m46s117ms).
2020-08-08 03:16:33.941 WARN  com.zaxxer.hikari.pool.HikariPool                 :787  [32m        [0;39m HikariPool-9 - Thread starvation or clock leap detected (housekeeper delta=2h27s359ms).
2020-08-08 05:17:31.289 WARN  com.zaxxer.hikari.pool.HikariPool                 :787  [32m        [0;39m HikariPool-9 - Thread starvation or clock leap detected (housekeeper delta=2h27s344ms).
2020-08-08 07:17:58.648 WARN  com.zaxxer.hikari.pool.HikariPool                 :787  [32m        [0;39m HikariPool-9 - Thread starvation or clock leap detected (housekeeper delta=2h27s359ms).
2020-08-08 08:58:23.075 INFO  c.n.d.shared.resolver.aws.ConfigClusterResolver   :43   [32m        [0;39m Resolving eureka endpoints via configuration
2020-08-08 08:58:28.434 WARN  com.zaxxer.hikari.pool.HikariPool                 :787  [32m        [0;39m HikariPool-9 - Thread starvation or clock leap detected (housekeeper delta=1h39m59s782ms).
2020-08-08 09:03:23.089 INFO  c.n.d.shared.resolver.aws.ConfigClusterResolver   :43   [32m        [0;39m Resolving eureka endpoints via configuration
2020-08-08 09:08:23.104 INFO  c.n.d.shared.resolver.aws.ConfigClusterResolver   :43   [32m        [0;39m Resolving eureka endpoints via configuration
2020-08-08 09:13:23.112 INFO  c.n.d.shared.resolver.aws.ConfigClusterResolver   :43   [32m        [0;39m Resolving eureka endpoints via configuration
2020-08-08 09:46:51.412 WARN  com.zaxxer.hikari.pool.HikariPool                 :787  [32m        [0;39m HikariPool-9 - Thread starvation or clock leap detected (housekeeper delta=30m22s844ms).
2020-08-08 09:48:16.024 INFO  c.n.d.shared.resolver.aws.ConfigClusterResolver   :43   [32m        [0;39m Resolving eureka endpoints via configuration
2020-08-08 09:53:16.045 INFO  c.n.d.shared.resolver.aws.ConfigClusterResolver   :43   [32m        [0;39m Resolving eureka endpoints via configuration
2020-08-08 09:58:16.063 INFO  c.n.d.shared.resolver.aws.ConfigClusterResolver   :43   [32m        [0;39m Resolving eureka endpoints via configuration
2020-08-08 10:03:16.078 INFO  c.n.d.shared.resolver.aws.ConfigClusterResolver   :43   [32m        [0;39m Resolving eureka endpoints via configuration
2020-08-08 10:08:16.088 INFO  c.n.d.shared.resolver.aws.ConfigClusterResolver   :43   [32m        [0;39m Resolving eureka endpoints via configuration
2020-08-08 10:13:16.102 INFO  c.n.d.shared.resolver.aws.ConfigClusterResolver   :43   [32m        [0;39m Resolving eureka endpoints via configuration
2020-08-08 10:18:16.120 INFO  c.n.d.shared.resolver.aws.ConfigClusterResolver   :43   [32m        [0;39m Resolving eureka endpoints via configuration
2020-08-08 10:23:16.131 INFO  c.n.d.shared.resolver.aws.ConfigClusterResolver   :43   [32m        [0;39m Resolving eureka endpoints via configuration
2020-08-08 10:28:16.144 INFO  c.n.d.shared.resolver.aws.ConfigClusterResolver   :43   [32m        [0;39m Resolving eureka endpoints via configuration
2020-08-08 10:33:16.162 INFO  c.n.d.shared.resolver.aws.ConfigClusterResolver   :43   [32m        [0;39m Resolving eureka endpoints via configuration
2020-08-08 10:38:16.173 INFO  c.n.d.shared.resolver.aws.ConfigClusterResolver   :43   [32m        [0;39m Resolving eureka endpoints via configuration
2020-08-08 10:43:16.192 INFO  c.n.d.shared.resolver.aws.ConfigClusterResolver   :43   [32m        [0;39m Resolving eureka endpoints via configuration
2020-08-08 11:23:23.067 WARN  com.zaxxer.hikari.pool.HikariPool                 :787  [32m        [0;39m HikariPool-9 - Thread starvation or clock leap detected (housekeeper delta=37m770ms).
2020-08-08 11:24:45.813 INFO  c.n.d.shared.resolver.aws.ConfigClusterResolver   :43   [32m        [0;39m Resolving eureka endpoints via configuration
2020-08-08 11:41:05.203 WARN  com.zaxxer.hikari.pool.HikariPool                 :787  [32m        [0;39m HikariPool-9 - Thread starvation or clock leap detected (housekeeper delta=13m42s6ms).
2020-08-08 11:42:57.839 INFO  c.n.d.shared.resolver.aws.ConfigClusterResolver   :43   [32m        [0;39m Resolving eureka endpoints via configuration
2020-08-08 11:47:57.850 INFO  c.n.d.shared.resolver.aws.ConfigClusterResolver   :43   [32m        [0;39m Resolving eureka endpoints via configuration
2020-08-08 11:59:47.629 WARN  com.zaxxer.hikari.pool.HikariPool                 :787  [32m        [0;39m HikariPool-9 - Thread starvation or clock leap detected (housekeeper delta=7m42s290ms).
2020-08-08 12:00:10.145 INFO  c.n.d.shared.resolver.aws.ConfigClusterResolver   :43   [32m        [0;39m Resolving eureka endpoints via configuration
2020-08-08 12:05:10.162 INFO  c.n.d.shared.resolver.aws.ConfigClusterResolver   :43   [32m        [0;39m Resolving eureka endpoints via configuration
2020-08-08 12:10:10.173 INFO  c.n.d.shared.resolver.aws.ConfigClusterResolver   :43   [32m        [0;39m Resolving eureka endpoints via configuration
2020-08-08 12:15:10.185 INFO  c.n.d.shared.resolver.aws.ConfigClusterResolver   :43   [32m        [0;39m Resolving eureka endpoints via configuration
2020-08-08 12:20:10.198 INFO  c.n.d.shared.resolver.aws.ConfigClusterResolver   :43   [32m        [0;39m Resolving eureka endpoints via configuration
2020-08-08 12:25:10.212 INFO  c.n.d.shared.resolver.aws.ConfigClusterResolver   :43   [32m        [0;39m Resolving eureka endpoints via configuration
2020-08-08 12:30:10.227 INFO  c.n.d.shared.resolver.aws.ConfigClusterResolver   :43   [32m        [0;39m Resolving eureka endpoints via configuration
2020-08-08 12:35:10.193 INFO  c.n.d.shared.resolver.aws.ConfigClusterResolver   :43   [32m        [0;39m Resolving eureka endpoints via configuration
2020-08-08 12:40:10.204 INFO  c.n.d.shared.resolver.aws.ConfigClusterResolver   :43   [32m        [0;39m Resolving eureka endpoints via configuration
2020-08-08 12:45:10.217 INFO  c.n.d.shared.resolver.aws.ConfigClusterResolver   :43   [32m        [0;39m Resolving eureka endpoints via configuration
2020-08-08 12:50:10.230 INFO  c.n.d.shared.resolver.aws.ConfigClusterResolver   :43   [32m        [0;39m Resolving eureka endpoints via configuration
2020-08-08 12:55:10.219 INFO  c.n.d.shared.resolver.aws.ConfigClusterResolver   :43   [32m        [0;39m Resolving eureka endpoints via configuration
2020-08-08 13:00:10.230 INFO  c.n.d.shared.resolver.aws.ConfigClusterResolver   :43   [32m        [0;39m Resolving eureka endpoints via configuration
2020-08-08 13:05:10.243 INFO  c.n.d.shared.resolver.aws.ConfigClusterResolver   :43   [32m        [0;39m Resolving eureka endpoints via configuration
2020-08-08 13:10:10.259 INFO  c.n.d.shared.resolver.aws.ConfigClusterResolver   :43   [32m        [0;39m Resolving eureka endpoints via configuration
2020-08-08 13:15:10.245 INFO  c.n.d.shared.resolver.aws.ConfigClusterResolver   :43   [32m        [0;39m Resolving eureka endpoints via configuration
2020-08-08 13:29:01.723 WARN  com.zaxxer.hikari.pool.HikariPool                 :787  [32m        [0;39m HikariPool-9 - Thread starvation or clock leap detected (housekeeper delta=12m43s632ms).
2020-08-08 13:32:24.031 INFO  c.n.d.shared.resolver.aws.ConfigClusterResolver   :43   [32m        [0;39m Resolving eureka endpoints via configuration
2020-08-08 13:37:24.045 INFO  c.n.d.shared.resolver.aws.ConfigClusterResolver   :43   [32m        [0;39m Resolving eureka endpoints via configuration
2020-08-08 13:42:33.834 INFO  c.n.d.shared.resolver.aws.ConfigClusterResolver   :43   [32m        [0;39m Resolving eureka endpoints via configuration
2020-08-08 13:47:33.846 INFO  c.n.d.shared.resolver.aws.ConfigClusterResolver   :43   [32m        [0;39m Resolving eureka endpoints via configuration
2020-08-08 13:52:33.862 INFO  c.n.d.shared.resolver.aws.ConfigClusterResolver   :43   [32m        [0;39m Resolving eureka endpoints via configuration
2020-08-08 13:57:33.876 INFO  c.n.d.shared.resolver.aws.ConfigClusterResolver   :43   [32m        [0;39m Resolving eureka endpoints via configuration
2020-08-08 14:02:33.865 INFO  c.n.d.shared.resolver.aws.ConfigClusterResolver   :43   [32m        [0;39m Resolving eureka endpoints via configuration
2020-08-08 14:07:33.878 INFO  c.n.d.shared.resolver.aws.ConfigClusterResolver   :43   [32m        [0;39m Resolving eureka endpoints via configuration
2020-08-08 14:12:33.891 INFO  c.n.d.shared.resolver.aws.ConfigClusterResolver   :43   [32m        [0;39m Resolving eureka endpoints via configuration
2020-08-08 14:17:33.882 INFO  c.n.d.shared.resolver.aws.ConfigClusterResolver   :43   [32m        [0;39m Resolving eureka endpoints via configuration
2020-08-08 14:22:33.894 INFO  c.n.d.shared.resolver.aws.ConfigClusterResolver   :43   [32m        [0;39m Resolving eureka endpoints via configuration
2020-08-08 14:27:33.906 INFO  c.n.d.shared.resolver.aws.ConfigClusterResolver   :43   [32m        [0;39m Resolving eureka endpoints via configuration
2020-08-08 14:32:33.920 INFO  c.n.d.shared.resolver.aws.ConfigClusterResolver   :43   [32m        [0;39m Resolving eureka endpoints via configuration
2020-08-08 14:37:33.917 INFO  c.n.d.shared.resolver.aws.ConfigClusterResolver   :43   [32m        [0;39m Resolving eureka endpoints via configuration
2020-08-08 14:42:33.928 INFO  c.n.d.shared.resolver.aws.ConfigClusterResolver   :43   [32m        [0;39m Resolving eureka endpoints via configuration
2020-08-08 14:47:33.942 INFO  c.n.d.shared.resolver.aws.ConfigClusterResolver   :43   [32m        [0;39m Resolving eureka endpoints via configuration
2020-08-08 14:52:33.947 INFO  c.n.d.shared.resolver.aws.ConfigClusterResolver   :43   [32m        [0;39m Resolving eureka endpoints via configuration
2020-08-08 14:57:33.958 INFO  c.n.d.shared.resolver.aws.ConfigClusterResolver   :43   [32m        [0;39m Resolving eureka endpoints via configuration
2020-08-08 15:02:33.974 INFO  c.n.d.shared.resolver.aws.ConfigClusterResolver   :43   [32m        [0;39m Resolving eureka endpoints via configuration
2020-08-08 15:07:33.974 INFO  c.n.d.shared.resolver.aws.ConfigClusterResolver   :43   [32m        [0;39m Resolving eureka endpoints via configuration
2020-08-08 15:12:33.989 INFO  c.n.d.shared.resolver.aws.ConfigClusterResolver   :43   [32m        [0;39m Resolving eureka endpoints via configuration
2020-08-08 15:18:15.580 WARN  com.zaxxer.hikari.pool.HikariPool                 :787  [32m        [0;39m HikariPool-9 - Thread starvation or clock leap detected (housekeeper delta=3m2s736ms).
2020-08-08 15:56:54.936 WARN  com.zaxxer.hikari.pool.HikariPool                 :787  [32m        [0;39m HikariPool-9 - Thread starvation or clock leap detected (housekeeper delta=38m9s100ms).
2020-08-08 16:54:56.196 INFO  c.n.d.shared.resolver.aws.ConfigClusterResolver   :43   [32m        [0;39m Resolving eureka endpoints via configuration
2020-08-08 16:55:05.069 WARN  com.zaxxer.hikari.pool.HikariPool                 :787  [32m        [0;39m HikariPool-9 - Thread starvation or clock leap detected (housekeeper delta=57m40s122ms).
2020-08-08 16:59:56.200 INFO  c.n.d.shared.resolver.aws.ConfigClusterResolver   :43   [32m        [0;39m Resolving eureka endpoints via configuration
2020-08-08 17:04:56.212 INFO  c.n.d.shared.resolver.aws.ConfigClusterResolver   :43   [32m        [0;39m Resolving eureka endpoints via configuration
2020-08-08 17:09:56.224 INFO  c.n.d.shared.resolver.aws.ConfigClusterResolver   :43   [32m        [0;39m Resolving eureka endpoints via configuration
2020-08-08 17:44:13.730 WARN  com.zaxxer.hikari.pool.HikariPool                 :787  [32m        [0;39m HikariPool-9 - Thread starvation or clock leap detected (housekeeper delta=33m8s525ms).
2020-08-08 18:32:48.801 WARN  com.zaxxer.hikari.pool.HikariPool                 :787  [32m        [0;39m HikariPool-9 - Thread starvation or clock leap detected (housekeeper delta=48m5s69ms).
2020-08-08 20:15:00.759 WARN  com.zaxxer.hikari.pool.HikariPool                 :787  [32m        [0;39m HikariPool-9 - Thread starvation or clock leap detected (housekeeper delta=1h41m41s949ms).
2020-08-08 20:19:17.034 INFO  c.n.d.shared.resolver.aws.ConfigClusterResolver   :43   [32m        [0;39m Resolving eureka endpoints via configuration
2020-08-08 20:19:26.074 WARN  com.zaxxer.hikari.pool.HikariPool                 :787  [32m        [0;39m HikariPool-9 - Thread starvation or clock leap detected (housekeeper delta=3m25s302ms).
2020-08-08 20:24:17.047 INFO  c.n.d.shared.resolver.aws.ConfigClusterResolver   :43   [32m        [0;39m Resolving eureka endpoints via configuration
2020-08-08 20:29:17.060 INFO  c.n.d.shared.resolver.aws.ConfigClusterResolver   :43   [32m        [0;39m Resolving eureka endpoints via configuration
2020-08-08 20:34:17.069 INFO  c.n.d.shared.resolver.aws.ConfigClusterResolver   :43   [32m        [0;39m Resolving eureka endpoints via configuration
2020-08-08 20:39:17.084 INFO  c.n.d.shared.resolver.aws.ConfigClusterResolver   :43   [32m        [0;39m Resolving eureka endpoints via configuration
2020-08-08 20:44:17.104 INFO  c.n.d.shared.resolver.aws.ConfigClusterResolver   :43   [32m        [0;39m Resolving eureka endpoints via configuration
2020-08-08 20:49:17.114 INFO  c.n.d.shared.resolver.aws.ConfigClusterResolver   :43   [32m        [0;39m Resolving eureka endpoints via configuration
2020-08-08 20:54:17.084 INFO  c.n.d.shared.resolver.aws.ConfigClusterResolver   :43   [32m        [0;39m Resolving eureka endpoints via configuration
2020-08-08 21:09:10.887 WARN  com.zaxxer.hikari.pool.HikariPool                 :787  [32m        [0;39m HikariPool-9 - Thread starvation or clock leap detected (housekeeper delta=13m14s480ms).
2020-08-08 21:13:38.895 WARN  com.zaxxer.hikari.pool.HikariPool                 :787  [32m        [0;39m HikariPool-9 - Thread starvation or clock leap detected (housekeeper delta=3m57s995ms).
2020-08-08 21:15:29.644 INFO  c.n.d.shared.resolver.aws.ConfigClusterResolver   :43   [32m        [0;39m Resolving eureka endpoints via configuration
2020-08-08 21:20:29.655 INFO  c.n.d.shared.resolver.aws.ConfigClusterResolver   :43   [32m        [0;39m Resolving eureka endpoints via configuration
2020-08-08 21:25:29.670 INFO  c.n.d.shared.resolver.aws.ConfigClusterResolver   :43   [32m        [0;39m Resolving eureka endpoints via configuration
2020-08-08 21:30:29.680 INFO  c.n.d.shared.resolver.aws.ConfigClusterResolver   :43   [32m        [0;39m Resolving eureka endpoints via configuration
2020-08-08 21:35:29.666 INFO  c.n.d.shared.resolver.aws.ConfigClusterResolver   :43   [32m        [0;39m Resolving eureka endpoints via configuration
2020-08-08 21:40:29.679 INFO  c.n.d.shared.resolver.aws.ConfigClusterResolver   :43   [32m        [0;39m Resolving eureka endpoints via configuration
2020-08-08 21:45:29.689 INFO  c.n.d.shared.resolver.aws.ConfigClusterResolver   :43   [32m        [0;39m Resolving eureka endpoints via configuration
2020-08-08 21:59:35.052 WARN  com.zaxxer.hikari.pool.HikariPool                 :787  [32m        [0;39m HikariPool-9 - Thread starvation or clock leap detected (housekeeper delta=10m55s832ms).
2020-08-08 22:00:55.529 INFO  c.n.d.shared.resolver.aws.ConfigClusterResolver   :43   [32m        [0;39m Resolving eureka endpoints via configuration
2020-08-08 22:05:55.542 INFO  c.n.d.shared.resolver.aws.ConfigClusterResolver   :43   [32m        [0;39m Resolving eureka endpoints via configuration
2020-08-08 22:10:55.553 INFO  c.n.d.shared.resolver.aws.ConfigClusterResolver   :43   [32m        [0;39m Resolving eureka endpoints via configuration
2020-08-08 22:15:55.565 INFO  c.n.d.shared.resolver.aws.ConfigClusterResolver   :43   [32m        [0;39m Resolving eureka endpoints via configuration
2020-08-08 22:20:55.577 INFO  c.n.d.shared.resolver.aws.ConfigClusterResolver   :43   [32m        [0;39m Resolving eureka endpoints via configuration
2020-08-08 22:25:55.562 INFO  c.n.d.shared.resolver.aws.ConfigClusterResolver   :43   [32m        [0;39m Resolving eureka endpoints via configuration
2020-08-08 22:30:55.570 INFO  c.n.d.shared.resolver.aws.ConfigClusterResolver   :43   [32m        [0;39m Resolving eureka endpoints via configuration
2020-08-08 22:35:55.578 INFO  c.n.d.shared.resolver.aws.ConfigClusterResolver   :43   [32m        [0;39m Resolving eureka endpoints via configuration
2020-08-08 22:40:55.592 INFO  c.n.d.shared.resolver.aws.ConfigClusterResolver   :43   [32m        [0;39m Resolving eureka endpoints via configuration
2020-08-08 22:45:55.592 INFO  c.n.d.shared.resolver.aws.ConfigClusterResolver   :43   [32m        [0;39m Resolving eureka endpoints via configuration
2020-08-08 22:50:55.606 INFO  c.n.d.shared.resolver.aws.ConfigClusterResolver   :43   [32m        [0;39m Resolving eureka endpoints via configuration
2020-08-08 22:55:55.621 INFO  c.n.d.shared.resolver.aws.ConfigClusterResolver   :43   [32m        [0;39m Resolving eureka endpoints via configuration
2020-08-08 23:00:55.632 INFO  c.n.d.shared.resolver.aws.ConfigClusterResolver   :43   [32m        [0;39m Resolving eureka endpoints via configuration
2020-08-08 23:05:55.624 INFO  c.n.d.shared.resolver.aws.ConfigClusterResolver   :43   [32m        [0;39m Resolving eureka endpoints via configuration
2020-08-08 23:10:55.635 INFO  c.n.d.shared.resolver.aws.ConfigClusterResolver   :43   [32m        [0;39m Resolving eureka endpoints via configuration
2020-08-08 23:15:55.650 INFO  c.n.d.shared.resolver.aws.ConfigClusterResolver   :43   [32m        [0;39m Resolving eureka endpoints via configuration
2020-08-08 23:20:55.645 INFO  c.n.d.shared.resolver.aws.ConfigClusterResolver   :43   [32m        [0;39m Resolving eureka endpoints via configuration
2020-08-08 23:25:55.656 INFO  c.n.d.shared.resolver.aws.ConfigClusterResolver   :43   [32m        [0;39m Resolving eureka endpoints via configuration
2020-08-08 23:30:55.667 INFO  c.n.d.shared.resolver.aws.ConfigClusterResolver   :43   [32m        [0;39m Resolving eureka endpoints via configuration
2020-08-08 23:35:55.679 INFO  c.n.d.shared.resolver.aws.ConfigClusterResolver   :43   [32m        [0;39m Resolving eureka endpoints via configuration
