2020-08-07 00:03:42.893 WARN  com.zaxxer.hikari.pool.HikariPool                 :787  [32m        [0;39m HikariPool-9 - Thread starvation or clock leap detected (housekeeper delta=32m51s201ms).
2020-08-07 02:04:10.059 WARN  com.zaxxer.hikari.pool.HikariPool                 :787  [32m        [0;39m HikariPool-9 - Thread starvation or clock leap detected (housekeeper delta=2h27s166ms).
2020-08-07 04:05:08.619 WARN  com.zaxxer.hikari.pool.HikariPool                 :787  [32m        [0;39m HikariPool-9 - Thread starvation or clock leap detected (housekeeper delta=2h28s356ms).
2020-08-07 06:06:06.981 WARN  com.zaxxer.hikari.pool.HikariPool                 :787  [32m        [0;39m HikariPool-9 - Thread starvation or clock leap detected (housekeeper delta=2h28s360ms).
2020-08-07 07:45:17.310 WARN  com.zaxxer.hikari.pool.HikariPool                 :787  [32m        [0;39m HikariPool-9 - Thread starvation or clock leap detected (housekeeper delta=1h38m40s323ms).
2020-08-07 07:45:45.700 INFO  c.n.d.shared.resolver.aws.ConfigClusterResolver   :43   [32m        [0;39m Resolving eureka endpoints via configuration
2020-08-07 07:50:45.715 INFO  c.n.d.shared.resolver.aws.ConfigClusterResolver   :43   [32m        [0;39m Resolving eureka endpoints via configuration
2020-08-07 07:55:45.730 INFO  c.n.d.shared.resolver.aws.ConfigClusterResolver   :43   [32m        [0;39m Resolving eureka endpoints via configuration
2020-08-07 08:00:45.735 INFO  c.n.d.shared.resolver.aws.ConfigClusterResolver   :43   [32m        [0;39m Resolving eureka endpoints via configuration
2020-08-07 08:05:45.749 INFO  c.n.d.shared.resolver.aws.ConfigClusterResolver   :43   [32m        [0;39m Resolving eureka endpoints via configuration
2020-08-07 08:10:45.758 INFO  c.n.d.shared.resolver.aws.ConfigClusterResolver   :43   [32m        [0;39m Resolving eureka endpoints via configuration
2020-08-07 08:15:45.769 INFO  c.n.d.shared.resolver.aws.ConfigClusterResolver   :43   [32m        [0;39m Resolving eureka endpoints via configuration
2020-08-07 08:20:45.780 INFO  c.n.d.shared.resolver.aws.ConfigClusterResolver   :43   [32m        [0;39m Resolving eureka endpoints via configuration
2020-08-07 08:25:45.792 INFO  c.n.d.shared.resolver.aws.ConfigClusterResolver   :43   [32m        [0;39m Resolving eureka endpoints via configuration
2020-08-07 08:30:45.759 INFO  c.n.d.shared.resolver.aws.ConfigClusterResolver   :43   [32m        [0;39m Resolving eureka endpoints via configuration
2020-08-07 08:35:45.769 INFO  c.n.d.shared.resolver.aws.ConfigClusterResolver   :43   [32m        [0;39m Resolving eureka endpoints via configuration
2020-08-07 08:40:45.782 INFO  c.n.d.shared.resolver.aws.ConfigClusterResolver   :43   [32m        [0;39m Resolving eureka endpoints via configuration
2020-08-07 08:55:56.790 WARN  com.zaxxer.hikari.pool.HikariPool                 :787  [32m        [0;39m HikariPool-9 - Thread starvation or clock leap detected (housekeeper delta=13m39s51ms).
2020-08-07 08:58:54.843 INFO  c.n.d.shared.resolver.aws.ConfigClusterResolver   :43   [32m        [0;39m Resolving eureka endpoints via configuration
2020-08-07 09:03:54.856 INFO  c.n.d.shared.resolver.aws.ConfigClusterResolver   :43   [32m        [0;39m Resolving eureka endpoints via configuration
2020-08-07 09:08:54.870 INFO  c.n.d.shared.resolver.aws.ConfigClusterResolver   :43   [32m        [0;39m Resolving eureka endpoints via configuration
2020-08-07 09:13:54.883 INFO  c.n.d.shared.resolver.aws.ConfigClusterResolver   :43   [32m        [0;39m Resolving eureka endpoints via configuration
2020-08-07 09:18:54.896 INFO  c.n.d.shared.resolver.aws.ConfigClusterResolver   :43   [32m        [0;39m Resolving eureka endpoints via configuration
2020-08-07 09:23:54.881 INFO  c.n.d.shared.resolver.aws.ConfigClusterResolver   :43   [32m        [0;39m Resolving eureka endpoints via configuration
2020-08-07 09:28:54.893 INFO  c.n.d.shared.resolver.aws.ConfigClusterResolver   :43   [32m        [0;39m Resolving eureka endpoints via configuration
2020-08-07 09:33:54.907 INFO  c.n.d.shared.resolver.aws.ConfigClusterResolver   :43   [32m        [0;39m Resolving eureka endpoints via configuration
2020-08-07 09:38:54.921 INFO  c.n.d.shared.resolver.aws.ConfigClusterResolver   :43   [32m        [0;39m Resolving eureka endpoints via configuration
2020-08-07 09:43:54.914 INFO  c.n.d.shared.resolver.aws.ConfigClusterResolver   :43   [32m        [0;39m Resolving eureka endpoints via configuration
2020-08-07 09:52:59.680 WARN  com.zaxxer.hikari.pool.HikariPool                 :787  [32m        [0;39m HikariPool-9 - Thread starvation or clock leap detected (housekeeper delta=5m2s522ms).
2020-08-07 09:53:27.431 INFO  c.n.d.shared.resolver.aws.ConfigClusterResolver   :43   [32m        [0;39m Resolving eureka endpoints via configuration
2020-08-07 09:59:54.122 WARN  com.zaxxer.hikari.pool.HikariPool                 :787  [32m        [0;39m HikariPool-9 - Thread starvation or clock leap detected (housekeeper delta=6m54s442ms).
2020-08-07 10:09:23.868 WARN  com.zaxxer.hikari.pool.HikariPool                 :787  [32m        [0;39m HikariPool-9 - Thread starvation or clock leap detected (housekeeper delta=9m29s746ms).
2020-08-07 11:56:07.699 WARN  com.zaxxer.hikari.pool.HikariPool                 :787  [32m        [0;39m HikariPool-9 - Thread starvation or clock leap detected (housekeeper delta=1h46m43s830ms).
2020-08-07 12:00:05.000 INFO  c.n.d.shared.resolver.aws.ConfigClusterResolver   :43   [32m        [0;39m Resolving eureka endpoints via configuration
2020-08-07 12:05:05.015 INFO  c.n.d.shared.resolver.aws.ConfigClusterResolver   :43   [32m        [0;39m Resolving eureka endpoints via configuration
2020-08-07 12:30:24.277 WARN  com.zaxxer.hikari.pool.HikariPool                 :787  [32m        [0;39m HikariPool-9 - Thread starvation or clock leap detected (housekeeper delta=23m46s324ms).
2020-08-07 13:33:02.796 WARN  com.zaxxer.hikari.pool.HikariPool                 :787  [32m        [0;39m HikariPool-9 - Thread starvation or clock leap detected (housekeeper delta=1h2m38s519ms).
2020-08-07 13:35:29.843 INFO  c.n.d.shared.resolver.aws.ConfigClusterResolver   :43   [32m        [0;39m Resolving eureka endpoints via configuration
2020-08-07 13:40:29.853 INFO  c.n.d.shared.resolver.aws.ConfigClusterResolver   :43   [32m        [0;39m Resolving eureka endpoints via configuration
2020-08-07 13:45:29.866 INFO  c.n.d.shared.resolver.aws.ConfigClusterResolver   :43   [32m        [0;39m Resolving eureka endpoints via configuration
2020-08-07 13:50:29.878 INFO  c.n.d.shared.resolver.aws.ConfigClusterResolver   :43   [32m        [0;39m Resolving eureka endpoints via configuration
2020-08-07 13:55:29.890 INFO  c.n.d.shared.resolver.aws.ConfigClusterResolver   :43   [32m        [0;39m Resolving eureka endpoints via configuration
2020-08-07 14:00:29.902 INFO  c.n.d.shared.resolver.aws.ConfigClusterResolver   :43   [32m        [0;39m Resolving eureka endpoints via configuration
2020-08-07 14:05:29.914 INFO  c.n.d.shared.resolver.aws.ConfigClusterResolver   :43   [32m        [0;39m Resolving eureka endpoints via configuration
2020-08-07 14:10:29.885 INFO  c.n.d.shared.resolver.aws.ConfigClusterResolver   :43   [32m        [0;39m Resolving eureka endpoints via configuration
2020-08-07 14:15:29.899 INFO  c.n.d.shared.resolver.aws.ConfigClusterResolver   :43   [32m        [0;39m Resolving eureka endpoints via configuration
2020-08-07 14:20:29.909 INFO  c.n.d.shared.resolver.aws.ConfigClusterResolver   :43   [32m        [0;39m Resolving eureka endpoints via configuration
2020-08-07 14:25:29.925 INFO  c.n.d.shared.resolver.aws.ConfigClusterResolver   :43   [32m        [0;39m Resolving eureka endpoints via configuration
2020-08-07 14:30:29.929 INFO  c.n.d.shared.resolver.aws.ConfigClusterResolver   :43   [32m        [0;39m Resolving eureka endpoints via configuration
2020-08-07 15:11:49.162 WARN  com.zaxxer.hikari.pool.HikariPool                 :787  [32m        [0;39m HikariPool-9 - Thread starvation or clock leap detected (housekeeper delta=39m46s3ms).
2020-08-07 15:14:45.929 INFO  c.n.d.shared.resolver.aws.ConfigClusterResolver   :43   [32m        [0;39m Resolving eureka endpoints via configuration
2020-08-07 15:19:45.940 INFO  c.n.d.shared.resolver.aws.ConfigClusterResolver   :43   [32m        [0;39m Resolving eureka endpoints via configuration
2020-08-07 15:24:45.952 INFO  c.n.d.shared.resolver.aws.ConfigClusterResolver   :43   [32m        [0;39m Resolving eureka endpoints via configuration
2020-08-07 15:29:45.965 INFO  c.n.d.shared.resolver.aws.ConfigClusterResolver   :43   [32m        [0;39m Resolving eureka endpoints via configuration
2020-08-07 15:34:45.977 INFO  c.n.d.shared.resolver.aws.ConfigClusterResolver   :43   [32m        [0;39m Resolving eureka endpoints via configuration
2020-08-07 15:39:45.987 INFO  c.n.d.shared.resolver.aws.ConfigClusterResolver   :43   [32m        [0;39m Resolving eureka endpoints via configuration
2020-08-07 15:44:45.998 INFO  c.n.d.shared.resolver.aws.ConfigClusterResolver   :43   [32m        [0;39m Resolving eureka endpoints via configuration
2020-08-07 15:49:45.970 INFO  c.n.d.shared.resolver.aws.ConfigClusterResolver   :43   [32m        [0;39m Resolving eureka endpoints via configuration
2020-08-07 15:54:45.983 INFO  c.n.d.shared.resolver.aws.ConfigClusterResolver   :43   [32m        [0;39m Resolving eureka endpoints via configuration
2020-08-07 15:59:45.996 INFO  c.n.d.shared.resolver.aws.ConfigClusterResolver   :43   [32m        [0;39m Resolving eureka endpoints via configuration
2020-08-07 16:04:46.009 INFO  c.n.d.shared.resolver.aws.ConfigClusterResolver   :43   [32m        [0;39m Resolving eureka endpoints via configuration
2020-08-07 16:09:45.999 INFO  c.n.d.shared.resolver.aws.ConfigClusterResolver   :43   [32m        [0;39m Resolving eureka endpoints via configuration
2020-08-07 16:14:46.015 INFO  c.n.d.shared.resolver.aws.ConfigClusterResolver   :43   [32m        [0;39m Resolving eureka endpoints via configuration
2020-08-07 16:19:46.029 INFO  c.n.d.shared.resolver.aws.ConfigClusterResolver   :43   [32m        [0;39m Resolving eureka endpoints via configuration
2020-08-07 16:24:46.020 INFO  c.n.d.shared.resolver.aws.ConfigClusterResolver   :43   [32m        [0;39m Resolving eureka endpoints via configuration
2020-08-07 16:33:49.662 WARN  com.zaxxer.hikari.pool.HikariPool                 :787  [32m        [0;39m HikariPool-9 - Thread starvation or clock leap detected (housekeeper delta=6m22ms).
2020-08-07 16:35:16.046 INFO  c.n.d.shared.resolver.aws.ConfigClusterResolver   :43   [32m        [0;39m Resolving eureka endpoints via configuration
2020-08-07 16:40:16.058 INFO  c.n.d.shared.resolver.aws.ConfigClusterResolver   :43   [32m        [0;39m Resolving eureka endpoints via configuration
2020-08-07 16:45:16.071 INFO  c.n.d.shared.resolver.aws.ConfigClusterResolver   :43   [32m        [0;39m Resolving eureka endpoints via configuration
2020-08-07 16:50:16.064 INFO  c.n.d.shared.resolver.aws.ConfigClusterResolver   :43   [32m        [0;39m Resolving eureka endpoints via configuration
2020-08-07 16:55:16.077 INFO  c.n.d.shared.resolver.aws.ConfigClusterResolver   :43   [32m        [0;39m Resolving eureka endpoints via configuration
2020-08-07 17:00:16.090 INFO  c.n.d.shared.resolver.aws.ConfigClusterResolver   :43   [32m        [0;39m Resolving eureka endpoints via configuration
2020-08-07 17:05:16.088 INFO  c.n.d.shared.resolver.aws.ConfigClusterResolver   :43   [32m        [0;39m Resolving eureka endpoints via configuration
2020-08-07 17:10:16.099 INFO  c.n.d.shared.resolver.aws.ConfigClusterResolver   :43   [32m        [0;39m Resolving eureka endpoints via configuration
2020-08-07 17:15:16.111 INFO  c.n.d.shared.resolver.aws.ConfigClusterResolver   :43   [32m        [0;39m Resolving eureka endpoints via configuration
2020-08-07 17:20:16.103 INFO  c.n.d.shared.resolver.aws.ConfigClusterResolver   :43   [32m        [0;39m Resolving eureka endpoints via configuration
2020-08-07 17:25:16.113 INFO  c.n.d.shared.resolver.aws.ConfigClusterResolver   :43   [32m        [0;39m Resolving eureka endpoints via configuration
2020-08-07 17:30:16.126 INFO  c.n.d.shared.resolver.aws.ConfigClusterResolver   :43   [32m        [0;39m Resolving eureka endpoints via configuration
2020-08-07 17:35:16.121 INFO  c.n.d.shared.resolver.aws.ConfigClusterResolver   :43   [32m        [0;39m Resolving eureka endpoints via configuration
2020-08-07 17:40:16.135 INFO  c.n.d.shared.resolver.aws.ConfigClusterResolver   :43   [32m        [0;39m Resolving eureka endpoints via configuration
2020-08-07 17:45:16.149 INFO  c.n.d.shared.resolver.aws.ConfigClusterResolver   :43   [32m        [0;39m Resolving eureka endpoints via configuration
2020-08-07 17:47:37.631 WARN  com.zaxxer.hikari.pool.HikariPool                 :787  [32m        [0;39m HikariPool-9 - Thread starvation or clock leap detected (housekeeper delta=47s91ms).
2020-08-07 17:50:33.055 INFO  c.n.d.shared.resolver.aws.ConfigClusterResolver   :43   [32m        [0;39m Resolving eureka endpoints via configuration
2020-08-07 17:55:33.070 INFO  c.n.d.shared.resolver.aws.ConfigClusterResolver   :43   [32m        [0;39m Resolving eureka endpoints via configuration
2020-08-07 18:44:31.415 WARN  com.zaxxer.hikari.pool.HikariPool                 :787  [32m        [0;39m HikariPool-9 - Thread starvation or clock leap detected (housekeeper delta=45m53s584ms).
2020-08-07 19:22:43.938 WARN  com.zaxxer.hikari.pool.HikariPool                 :787  [32m        [0;39m HikariPool-9 - Thread starvation or clock leap detected (housekeeper delta=38m12s524ms).
2020-08-07 23:02:22.116 WARN  com.zaxxer.hikari.pool.HikariPool                 :787  [32m        [0;39m HikariPool-9 - Thread starvation or clock leap detected (housekeeper delta=3h39m38s176ms).
2020-08-07 23:02:47.335 INFO  c.n.d.shared.resolver.aws.ConfigClusterResolver   :43   [32m        [0;39m Resolving eureka endpoints via configuration
2020-08-07 23:07:47.756 INFO  c.n.d.shared.resolver.aws.ConfigClusterResolver   :43   [32m        [0;39m Resolving eureka endpoints via configuration
2020-08-07 23:12:47.768 INFO  c.n.d.shared.resolver.aws.ConfigClusterResolver   :43   [32m        [0;39m Resolving eureka endpoints via configuration
2020-08-07 23:17:47.777 INFO  c.n.d.shared.resolver.aws.ConfigClusterResolver   :43   [32m        [0;39m Resolving eureka endpoints via configuration
2020-08-07 23:22:47.796 INFO  c.n.d.shared.resolver.aws.ConfigClusterResolver   :43   [32m        [0;39m Resolving eureka endpoints via configuration
2020-08-07 23:27:47.785 INFO  c.n.d.shared.resolver.aws.ConfigClusterResolver   :43   [32m        [0;39m Resolving eureka endpoints via configuration
2020-08-07 23:32:47.804 INFO  c.n.d.shared.resolver.aws.ConfigClusterResolver   :43   [32m        [0;39m Resolving eureka endpoints via configuration
2020-08-07 23:37:47.818 INFO  c.n.d.shared.resolver.aws.ConfigClusterResolver   :43   [32m        [0;39m Resolving eureka endpoints via configuration
2020-08-07 23:42:47.829 INFO  c.n.d.shared.resolver.aws.ConfigClusterResolver   :43   [32m        [0;39m Resolving eureka endpoints via configuration
2020-08-07 23:47:47.825 INFO  c.n.d.shared.resolver.aws.ConfigClusterResolver   :43   [32m        [0;39m Resolving eureka endpoints via configuration
2020-08-07 23:52:47.828 INFO  c.n.d.shared.resolver.aws.ConfigClusterResolver   :43   [32m        [0;39m Resolving eureka endpoints via configuration
2020-08-07 23:57:47.842 INFO  c.n.d.shared.resolver.aws.ConfigClusterResolver   :43   [32m        [0;39m Resolving eureka endpoints via configuration
